2021-03-10T16:04:54.110Z [jfac ] [INFO ] [6e307209d576dd72] [licationContextInitializer:162] [ocalhost-startStop-1] - Access (jfac) service initialization started. Version: 7.15.2 Revision: 71502900 PID: 3670 Home: /opt/jfrog/artifactory
2021-03-10T16:04:54.235Z [jfac ] [INFO ] [6e307209d576dd72] [o.j.a.AccessApplication:50    ] [ocalhost-startStop-1] - Starting AccessApplication v7.15.2 on abda517ab21e with PID 3670 (/opt/jfrog/artifactory/app/artifactory/tomcat/webapps/access/WEB-INF/lib/access-application-7.15.2.jar started by artifactory in /var/opt/jfrog/artifactory)
2021-03-10T16:04:54.236Z [jfac ] [INFO ] [6e307209d576dd72] [o.j.a.AccessApplication:652   ] [ocalhost-startStop-1] - The following profiles are active: production
2021-03-10T16:04:54.496Z [jfac ] [WARN ] [                ] [ackson2ObjectMapperBuilder:836] [background-preinit  ] - For Jackson Kotlin classes support please add "com.fasterxml.jackson.module:jackson-module-kotlin" to the classpath
2021-03-10T16:05:00.921Z [jfac ] [WARN ] [6e307209d576dd72] [c.z.h.u.DriverDataSource:70   ] [ocalhost-startStop-1] - Registered driver with driverClassName=org.apache.derby.jdbc.EmbeddedDriver was not found, trying direct instantiation.
2021-03-10T16:05:01.659Z [jfac ] [INFO ] [6e307209d576dd72] [s.d.u.AccessJdbcHelperImpl:140] [ocalhost-startStop-1] - Database: Apache Derby 10.14.2.0 - (1828579). Driver: Apache Derby Embedded JDBC Driver 10.14.2.0 - (1828579)
2021-03-10T16:05:01.662Z [jfac ] [INFO ] [6e307209d576dd72] [s.d.u.AccessJdbcHelperImpl:143] [ocalhost-startStop-1] - Connection URL: jdbc:derby:/opt/jfrog/artifactory/var/data/artifactory/derby
2021-03-10T16:05:02.309Z [jfac ] [INFO ] [6e307209d576dd72] [s.d.u.AccessJdbcHelperImpl:152] [ocalhost-startStop-1] - ***Creating database schema***
2021-03-10T16:05:03.734Z [jfac ] [INFO ] [6e307209d576dd72] [s.d.u.AccessJdbcHelperImpl:168] [ocalhost-startStop-1] - Setting new schema baseline to latest version: 7.14.0.1
2021-03-10T16:05:04.101Z [jfac ] [INFO ] [6e307209d576dd72] [alConfigurationServiceBase:179] [ocalhost-startStop-1] - Configuration data wasn't found in db. Loading defaults
2021-03-10T16:05:04.383Z [jfac ] [INFO ] [6e307209d576dd72] [alConfigurationServiceBase:114] [ocalhost-startStop-1] - Current configurations are the same as the new configurations, no need for an update. No action was taken.
2021-03-10T16:05:04.671Z [jfac ] [INFO ] [6e307209d576dd72] [.h.AccessNodeIdProviderImpl:73] [ocalhost-startStop-1] - Service id initialized: jfac@01f0ee4vgetvff1h1vy7ax05b9
2021-03-10T16:05:04.783Z [jfac ] [INFO ] [6e307209d576dd72] [a.k.m.MasterKeyBootstrapper:70] [ocalhost-startStop-1] - No master.key supplied. Generating master.key
2021-03-10T16:05:04.946Z [jfac ] [INFO ] [6e307209d576dd72] [.k.m.MasterKeyBootstrapper:146] [ocalhost-startStop-1] - Saving master.key to /opt/jfrog/artifactory/var/etc/security/master.key
2021-03-10T16:05:05.232Z [jfac ] [INFO ] [6e307209d576dd72] [j.a.s.s.t.TokenServiceImpl:115] [ocalhost-startStop-1] - Scheduling task for revoking expired tokens using cron expression: 0 0 0/1 * * ?
2021-03-10T16:05:05.929Z [jfac ] [INFO ] [6e307209d576dd72] [b.AccessServerBootstrapImpl:43] [ocalhost-startStop-1] - [ACCESS BOOTSTRAP] Starting JFrog Access bootstrap...
2021-03-10T16:05:05.930Z [jfac ] [INFO ] [6e307209d576dd72] [CertificateFileHandlerBase:115] [ocalhost-startStop-1] - [ACCESS BOOTSTRAP] Initializing root certificate.
2021-03-10T16:05:05.933Z [jfac ] [INFO ] [6e307209d576dd72] [CertificateFileHandlerBase:272] [ocalhost-startStop-1] - [ACCESS BOOTSTRAP] Generating root private key and certificate.
2021-03-10T16:05:06.758Z [jfac ] [INFO ] [6e307209d576dd72] [CertificateFileHandlerBase:328] [ocalhost-startStop-1] - [ACCESS BOOTSTRAP] Saved new root certificate at: /opt/jfrog/artifactory/var/etc/access/keys/root.crt
2021-03-10T16:05:06.762Z [jfac ] [INFO ] [6e307209d576dd72] [CertificateFileHandlerBase:132] [ocalhost-startStop-1] - [ACCESS BOOTSTRAP] Finished initializing root certificate. Certificate source: GENERATED
2021-03-10T16:05:06.764Z [jfac ] [INFO ] [6e307209d576dd72] [CertificateFileHandlerBase:115] [ocalhost-startStop-1] - [ACCESS BOOTSTRAP] Initializing ca certificate.
2021-03-10T16:05:06.768Z [jfac ] [INFO ] [6e307209d576dd72] [CertificateFileHandlerBase:272] [ocalhost-startStop-1] - [ACCESS BOOTSTRAP] Generating ca private key and certificate.
2021-03-10T16:05:07.053Z [jfac ] [INFO ] [6e307209d576dd72] [CertificateFileHandlerBase:328] [ocalhost-startStop-1] - [ACCESS BOOTSTRAP] Saved new ca certificate at: /opt/jfrog/artifactory/var/etc/access/keys/ca.crt
2021-03-10T16:05:07.056Z [jfac ] [INFO ] [6e307209d576dd72] [CertificateFileHandlerBase:132] [ocalhost-startStop-1] - [ACCESS BOOTSTRAP] Finished initializing ca certificate. Certificate source: GENERATED
2021-03-10T16:05:07.216Z [jfac ] [WARN ] [6e307209d576dd72] [c.z.h.u.DriverDataSource:70   ] [ocalhost-startStop-1] - Registered driver with driverClassName=org.apache.derby.jdbc.EmbeddedDriver was not found, trying direct instantiation.
2021-03-10T16:05:07.569Z [jfac ] [INFO ] [6e307209d576dd72] [.a.s.s.m.MetricsServiceImpl:47] [ocalhost-startStop-1] - Metrics Framework Service is disabled
2021-03-10T16:05:07.569Z [jfac ] [INFO ] [6e307209d576dd72] [b.AccessServerBootstrapImpl:52] [ocalhost-startStop-1] - [ACCESS BOOTSTRAP] JFrog Access bootstrap finished.
2021-03-10T16:05:08.406Z [jfac ] [INFO ] [6e307209d576dd72] [o.j.a.s.r.s.GrpcServerImpl:65 ] [ocalhost-startStop-1] - Starting gRPC Server on port 8045
2021-03-10T16:05:08.615Z [jfac ] [INFO ] [6e307209d576dd72] [o.j.a.s.r.s.GrpcServerImpl:84 ] [ocalhost-startStop-1] - gRPC Server started, listening on 8045
2021-03-10T16:05:08.627Z [jfac ] [INFO ] [14c729395a9b47dd] [a.c.RefreshableScheduledJob:53] [ocalhost-startStop-1] - Scheduling loadCertificates task to run every 30 seconds
2021-03-10T16:05:08.638Z [jfac ] [INFO ] [14c729395a9b47dd] [a.c.RefreshableScheduledJob:53] [ocalhost-startStop-1] - Scheduling federationCleanupService task to run every 1209600 seconds
2021-03-10T16:05:08.650Z [jfac ] [INFO ] [b983c5bc106ebc55] [a.c.RefreshableScheduledJob:53] [ocalhost-startStop-1] - Scheduling heartbeat task to run every 5 seconds
2021-03-10T16:05:08.658Z [jfac ] [INFO ] [b983c5bc106ebc55] [a.c.RefreshableScheduledJob:53] [ocalhost-startStop-1] - Scheduling staleTokenCleanup task to run every 3600 seconds
2021-03-10T16:05:08.679Z [jfac ] [INFO ] [b983c5bc106ebc55] [o.j.a.s.s.JoinKeyAccess:172   ] [ocalhost-startStop-1] - Cluster join: Join key loaded successfully (from: generated)
2021-03-10T16:05:08.858Z [jfac ] [INFO ] [b983c5bc106ebc55] [a.s.b.AccessServerRegistrar:66] [ocalhost-startStop-1] - [ACCESS BOOTSTRAP] Starting JFrog Access registrar...
2021-03-10T16:05:10.798Z [jfac ] [INFO ] [b983c5bc106ebc55] [o.j.a.AccessApplication:59    ] [ocalhost-startStop-1] - Started AccessApplication in 21.733068314 seconds (JVM running for 32.995)
2021-03-10T16:05:12.734Z [jfac ] [INFO ] [3246bd6311c5ce01] [a.c.RefreshableScheduledJob:53] [27.0.0.1-8040-exec-1] - Scheduling federationCleanupService task to run every 1209600 seconds
2021-03-10T16:05:12.738Z [jfac ] [INFO ] [bf19ab5dab486e6d] [.f.FederationCleanupService:59] [jf-access-task1     ] - Running clean up of outdated Federation events
2021-03-10T16:05:12.874Z [jfac ] [INFO ] [3246bd6311c5ce01] [s.r.NodeRegistryServiceImpl:68] [27.0.0.1-8040-exec-1] - Cluster join: Successfully joined jfrou@01f0ee504gqpmkzzn2x7hpf3sx with node id abda517ab21e
2021-03-10T16:05:14.430Z [jfac ] [INFO ] [b983c5bc106ebc55] [.AccessWithRouterRegistrar:111] [pool-12-thread-2    ] - Access Server successfully registered on Router on URL: http://localhost:8046
2021-03-10T16:05:15.402Z [jfac ] [INFO ] [b983c5bc106ebc55] [.s.b.AccessServerRegistrar:121] [pool-12-thread-2    ] - [ACCESS BOOTSTRAP] Updating server 'abda517ab21e' private key finger print to: 2c1160ae10d83546212e8b901f7378e14e1746e398d1bae62a25fa041c84191c ca private key finger print to: bb3c46c24094c6f3ff337b9a471beb37d03c802a7c3478c85176419ff0ee1e35
2021-03-10T16:05:15.419Z [jfac ] [INFO ] [b983c5bc106ebc55] [a.s.b.AccessServerRegistrar:77] [pool-12-thread-2    ] - [ACCESS BOOTSTRAP] JFrog Access registrar finished.
2021-03-10T16:05:15.888Z [jfac ] [INFO ] [2579aeaae758251f] [a.c.RefreshableScheduledJob:53] [27.0.0.1-8040-exec-3] - Scheduling federationCleanupService task to run every 1209600 seconds
2021-03-10T16:05:15.890Z [jfac ] [INFO ] [7cb15cb3a40ad74b] [.f.FederationCleanupService:59] [jf-access-task1     ] - Running clean up of outdated Federation events
2021-03-10T16:05:15.928Z [jfac ] [INFO ] [2579aeaae758251f] [s.r.NodeRegistryServiceImpl:68] [27.0.0.1-8040-exec-3] - Cluster join: Successfully joined jfmd@01f0ee52frj430p7mhnyymj0qt with node id abda517ab21e
2021-03-10T16:05:19.776Z [jfac ] [INFO ] [490040cce1ac3660] [a.c.RefreshableScheduledJob:53] [27.0.0.1-8040-exec-9] - Scheduling federationCleanupService task to run every 1209600 seconds
2021-03-10T16:05:19.778Z [jfac ] [INFO ] [11d093ff753551ce] [.f.FederationCleanupService:59] [jf-access-task1     ] - Running clean up of outdated Federation events
2021-03-10T16:05:19.793Z [jfac ] [INFO ] [490040cce1ac3660] [s.r.NodeRegistryServiceImpl:68] [27.0.0.1-8040-exec-9] - Cluster join: Successfully joined jfrt@01f0ee59rzdypp0wd25tvx1wd1 with node id abda517ab21e
2021-03-10T16:05:21.659Z [jfac ] [INFO ] [3fc62f6565f44017] [.AccessImporterExporterImpl:71] [27.0.0.1-8040-exec-5] - Exporting encryption...
2021-03-10T16:05:21.673Z [jfac ] [INFO ] [3fc62f6565f44017] [.AccessImporterExporterImpl:71] [27.0.0.1-8040-exec-5] - Exporting federation_events...
2021-03-10T16:05:21.683Z [jfac ] [INFO ] [3fc62f6565f44017] [.AccessImporterExporterImpl:71] [27.0.0.1-8040-exec-5] - Exporting groups...
2021-03-10T16:05:21.686Z [jfac ] [INFO ] [3fc62f6565f44017] [.AccessImporterExporterImpl:71] [27.0.0.1-8040-exec-5] - Exporting federation_servers...
2021-03-10T16:05:21.697Z [jfac ] [INFO ] [3fc62f6565f44017] [.AccessImporterExporterImpl:71] [27.0.0.1-8040-exec-5] - Exporting users...
2021-03-10T16:05:21.725Z [jfac ] [INFO ] [3fc62f6565f44017] [.AccessImporterExporterImpl:71] [27.0.0.1-8040-exec-5] - Exporting platform_configurations...
2021-03-10T16:05:21.731Z [jfac ] [INFO ] [3fc62f6565f44017] [.AccessImporterExporterImpl:71] [27.0.0.1-8040-exec-5] - Exporting permissions...
2021-03-10T16:05:21.735Z [jfac ] [INFO ] [3fc62f6565f44017] [.AccessImporterExporterImpl:71] [27.0.0.1-8040-exec-5] - Exporting tokens...
2021-03-10T16:05:21.739Z [jfac ] [INFO ] [3fc62f6565f44017] [.d.TokenStorageServiceImpl:220] [27.0.0.1-8040-exec-5] - Filtered out 8 system tokens from export
2021-03-10T16:05:21.739Z [jfac ] [INFO ] [3fc62f6565f44017] [.AccessImporterExporterImpl:71] [27.0.0.1-8040-exec-5] - Exporting config...
2021-03-10T16:05:21.756Z [jfac ] [INFO ] [3fc62f6565f44017] [.AccessImporterExporterImpl:71] [27.0.0.1-8040-exec-5] - Exporting NodeIdServiceId...
2021-03-10T16:05:27.015Z [jfac ] [INFO ] [7373caedec3d33f3] [a.c.RefreshableScheduledJob:53] [27.0.0.1-8040-exec-5] - Scheduling federationCleanupService task to run every 1209600 seconds
2021-03-10T16:05:27.017Z [jfac ] [INFO ] [2a2d4d67bb4006c6] [.f.FederationCleanupService:59] [jf-access-task1     ] - Running clean up of outdated Federation events
2021-03-10T16:05:27.029Z [jfac ] [INFO ] [7373caedec3d33f3] [s.r.NodeRegistryServiceImpl:68] [27.0.0.1-8040-exec-5] - Cluster join: Successfully joined jffe@000 with node id abda517ab21e
2021-03-10T16:05:33.006Z [jfac ] [INFO ] [                ] [CertificateFileHandlerBase:181] [c-default-executor-0] - Loading ca certificate from database.
2021-03-10T16:05:33.130Z [jfac ] [INFO ] [                ] [CertificateFileHandlerBase:328] [c-default-executor-0] - [ACCESS BOOTSTRAP] Saved new ca certificate at: /opt/jfrog/artifactory/var/etc/access/keys/ca.crt
2021-03-10T16:05:33.132Z [jfac ] [INFO ] [                ] [CertificateFileHandlerBase:190] [c-default-executor-0] - Finished loading ca certificate from database.
2021-03-10T16:05:33.132Z [jfac ] [INFO ] [                ] [CertificateFileHandlerBase:181] [c-default-executor-0] - Loading root certificate from database.
2021-03-10T16:05:33.187Z [jfac ] [INFO ] [                ] [CertificateFileHandlerBase:328] [c-default-executor-0] - [ACCESS BOOTSTRAP] Saved new root certificate at: /opt/jfrog/artifactory/var/etc/access/keys/root.crt
2021-03-10T16:05:33.189Z [jfac ] [INFO ] [                ] [CertificateFileHandlerBase:190] [c-default-executor-0] - Finished loading root certificate from database.
2021-03-10T16:05:33.204Z [jfac ] [INFO ] [                ] [alConfigurationServiceBase:182] [c-default-executor-0] - Loading configuration from db finished successfully
2021-03-10T17:00:00.040Z [jfac ] [INFO ] [16ef349a69301aef] [j.a.s.s.t.TokenServiceImpl:152] [jf-access-task1     ] - Revoked 4 expired tokens.
2021-03-10T17:05:08.660Z [jfac ] [INFO ] [253a42583447a1ee] [.s.s.r.StaleTokenCleanupJob:62] [jf-access-task1     ] - Starting Access job to remove stale nodes and join-admin-tokens on server: abda517ab21e
2021-03-10T17:05:08.677Z [jfac ] [INFO ] [253a42583447a1ee] [.s.s.r.StaleTokenCleanupJob:73] [jf-access-task1     ] - Removed 0 Stale Nodes and 0 Join-Admin-Tokens from before: 2021-03-03T17:05:08 
2021-03-10T18:05:08.681Z [jfac ] [INFO ] [db3573d302efc4f ] [.s.s.r.StaleTokenCleanupJob:62] [jf-access-task1     ] - Starting Access job to remove stale nodes and join-admin-tokens on server: abda517ab21e
2021-03-10T18:05:08.686Z [jfac ] [INFO ] [db3573d302efc4f ] [.s.s.r.StaleTokenCleanupJob:73] [jf-access-task1     ] - Removed 0 Stale Nodes and 0 Join-Admin-Tokens from before: 2021-03-03T18:05:08 
2021-03-10T19:05:08.692Z [jfac ] [INFO ] [6e3370235f55d6c2] [.s.s.r.StaleTokenCleanupJob:62] [jf-access-task1     ] - Starting Access job to remove stale nodes and join-admin-tokens on server: abda517ab21e
2021-03-10T19:05:08.695Z [jfac ] [INFO ] [6e3370235f55d6c2] [.s.s.r.StaleTokenCleanupJob:73] [jf-access-task1     ] - Removed 0 Stale Nodes and 0 Join-Admin-Tokens from before: 2021-03-03T19:05:08 
2021-03-10T19:37:37.268Z [jfac ] [INFO ] [                ] [o.j.a.s.s.CloseDownTomcat:41  ] [ocalhost-startStop-3] - Server Shutting down, removed server from HA: abda517ab21e
2021-03-10T20:24:59.144Z [jfac ] [INFO ] [3324aa33264df33d] [licationContextInitializer:162] [ocalhost-startStop-1] - Access (jfac) service initialization started. Version: 7.15.2 Revision: 71502900 PID: 3276 Home: /opt/jfrog/artifactory
2021-03-10T20:25:00.339Z [jfac ] [WARN ] [                ] [ackson2ObjectMapperBuilder:836] [background-preinit  ] - For Jackson Kotlin classes support please add "com.fasterxml.jackson.module:jackson-module-kotlin" to the classpath
2021-03-10T20:25:01.128Z [jfac ] [INFO ] [3324aa33264df33d] [o.j.a.AccessApplication:50    ] [ocalhost-startStop-1] - Starting AccessApplication v7.15.2 on 5fecd45b8ac2 with PID 3276 (/opt/jfrog/artifactory/app/artifactory/tomcat/webapps/access/WEB-INF/lib/access-application-7.15.2.jar started by artifactory in /var/opt/jfrog/artifactory)
2021-03-10T20:25:01.146Z [jfac ] [INFO ] [3324aa33264df33d] [o.j.a.AccessApplication:652   ] [ocalhost-startStop-1] - The following profiles are active: production
2021-03-10T20:25:15.168Z [jfac ] [WARN ] [3324aa33264df33d] [c.z.h.u.DriverDataSource:70   ] [ocalhost-startStop-1] - Registered driver with driverClassName=org.apache.derby.jdbc.EmbeddedDriver was not found, trying direct instantiation.
2021-03-10T20:25:21.630Z [jfac ] [INFO ] [3324aa33264df33d] [s.d.u.AccessJdbcHelperImpl:140] [ocalhost-startStop-1] - Database: Apache Derby 10.14.2.0 - (1828579). Driver: Apache Derby Embedded JDBC Driver 10.14.2.0 - (1828579)
2021-03-10T20:25:21.632Z [jfac ] [INFO ] [3324aa33264df33d] [s.d.u.AccessJdbcHelperImpl:143] [ocalhost-startStop-1] - Connection URL: jdbc:derby:/opt/jfrog/artifactory/var/data/artifactory/derby
2021-03-10T20:25:24.480Z [jfac ] [INFO ] [3324aa33264df33d] [alConfigurationServiceBase:182] [ocalhost-startStop-1] - Loading configuration from db finished successfully
2021-03-10T20:25:24.910Z [jfac ] [INFO ] [3324aa33264df33d] [alConfigurationServiceBase:114] [ocalhost-startStop-1] - Current configurations are the same as the new configurations, no need for an update. No action was taken.
2021-03-10T20:25:25.314Z [jfac ] [INFO ] [3324aa33264df33d] [.h.AccessNodeIdProviderImpl:73] [ocalhost-startStop-1] - Service id initialized: jfac@01f0ee4vgetvff1h1vy7ax05b9
2021-03-10T20:25:26.497Z [jfac ] [INFO ] [3324aa33264df33d] [j.a.s.s.t.TokenServiceImpl:115] [ocalhost-startStop-1] - Scheduling task for revoking expired tokens using cron expression: 0 0 0/1 * * ?
2021-03-10T20:25:28.299Z [jfac ] [INFO ] [3324aa33264df33d] [b.AccessServerBootstrapImpl:43] [ocalhost-startStop-1] - [ACCESS BOOTSTRAP] Starting JFrog Access bootstrap...
2021-03-10T20:25:28.460Z [jfac ] [INFO ] [3324aa33264df33d] [CertificateFileHandlerBase:115] [ocalhost-startStop-1] - [ACCESS BOOTSTRAP] Initializing root certificate.
2021-03-10T20:25:29.874Z [jfac ] [INFO ] [3324aa33264df33d] [CertificateFileHandlerBase:328] [ocalhost-startStop-1] - [ACCESS BOOTSTRAP] Saved new root certificate at: /opt/jfrog/artifactory/var/etc/access/keys/root.crt
2021-03-10T20:25:29.888Z [jfac ] [INFO ] [3324aa33264df33d] [CertificateFileHandlerBase:132] [ocalhost-startStop-1] - [ACCESS BOOTSTRAP] Finished initializing root certificate. Certificate source: DATABASE
2021-03-10T20:25:29.890Z [jfac ] [INFO ] [3324aa33264df33d] [CertificateFileHandlerBase:115] [ocalhost-startStop-1] - [ACCESS BOOTSTRAP] Initializing ca certificate.
2021-03-10T20:25:30.189Z [jfac ] [INFO ] [3324aa33264df33d] [CertificateFileHandlerBase:328] [ocalhost-startStop-1] - [ACCESS BOOTSTRAP] Saved new ca certificate at: /opt/jfrog/artifactory/var/etc/access/keys/ca.crt
2021-03-10T20:25:30.192Z [jfac ] [INFO ] [3324aa33264df33d] [CertificateFileHandlerBase:132] [ocalhost-startStop-1] - [ACCESS BOOTSTRAP] Finished initializing ca certificate. Certificate source: DATABASE
2021-03-10T20:25:30.591Z [jfac ] [INFO ] [3324aa33264df33d] [.a.s.s.m.MetricsServiceImpl:47] [ocalhost-startStop-1] - Metrics Framework Service is disabled
2021-03-10T20:25:30.601Z [jfac ] [INFO ] [3324aa33264df33d] [b.AccessServerBootstrapImpl:52] [ocalhost-startStop-1] - [ACCESS BOOTSTRAP] JFrog Access bootstrap finished.
2021-03-10T20:25:32.016Z [jfac ] [INFO ] [3324aa33264df33d] [o.j.a.s.r.s.GrpcServerImpl:65 ] [ocalhost-startStop-1] - Starting gRPC Server on port 8045
2021-03-10T20:25:32.371Z [jfac ] [INFO ] [3324aa33264df33d] [o.j.a.s.r.s.GrpcServerImpl:84 ] [ocalhost-startStop-1] - gRPC Server started, listening on 8045
2021-03-10T20:25:32.415Z [jfac ] [INFO ] [a5c537d4554f4bfa] [a.c.RefreshableScheduledJob:53] [ocalhost-startStop-1] - Scheduling loadCertificates task to run every 30 seconds
2021-03-10T20:25:32.431Z [jfac ] [INFO ] [a5c537d4554f4bfa] [a.c.RefreshableScheduledJob:53] [ocalhost-startStop-1] - Scheduling federationCleanupService task to run every 1209600 seconds
2021-03-10T20:25:32.568Z [jfac ] [INFO ] [21843b4e6bcab0db] [a.c.RefreshableScheduledJob:53] [ocalhost-startStop-1] - Scheduling heartbeat task to run every 5 seconds
2021-03-10T20:25:32.602Z [jfac ] [INFO ] [21843b4e6bcab0db] [a.c.RefreshableScheduledJob:53] [ocalhost-startStop-1] - Scheduling staleTokenCleanup task to run every 3600 seconds
2021-03-10T20:25:32.662Z [jfac ] [INFO ] [21843b4e6bcab0db] [o.j.a.s.s.JoinKeyAccess:172   ] [ocalhost-startStop-1] - Cluster join: Join key loaded successfully (from: /opt/jfrog/artifactory/var/etc/security/join.key)
2021-03-10T20:25:32.949Z [jfac ] [INFO ] [21843b4e6bcab0db] [a.s.b.AccessServerRegistrar:66] [ocalhost-startStop-1] - [ACCESS BOOTSTRAP] Starting JFrog Access registrar...
2021-03-10T20:25:37.227Z [jfac ] [INFO ] [21843b4e6bcab0db] [o.j.a.AccessApplication:59    ] [ocalhost-startStop-1] - Started AccessApplication in 44.746032395 seconds (JVM running for 64.393)
2021-03-10T20:25:38.268Z [jfac ] [WARN ] [21843b4e6bcab0db] [o.j.c.ExecutionUtils:142      ] [pool-8-thread-2     ] - Retry 10 Elapsed 5.29 secs failed: Registration with router on URL http://localhost:8046 failed with error: UNAVAILABLE: io exception. Trying again
2021-03-10T20:25:43.327Z [jfac ] [WARN ] [263fe9f01ca78a9a] [c.z.h.u.DriverDataSource:70   ] [27.0.0.1-8040-exec-4] - Registered driver with driverClassName=org.apache.derby.jdbc.EmbeddedDriver was not found, trying direct instantiation.
2021-03-10T20:25:43.580Z [jfac ] [WARN ] [21843b4e6bcab0db] [o.j.c.ExecutionUtils:142      ] [pool-8-thread-2     ] - Retry 20 Elapsed 10.61 secs failed: Registration with router on URL http://localhost:8046 failed with error: UNAVAILABLE: io exception. Trying again
2021-03-10T20:25:44.357Z [jfac ] [INFO ] [263fe9f01ca78a9a] [s.r.NodeRegistryServiceImpl:68] [27.0.0.1-8040-exec-4] - Cluster join: Successfully joined jfrou@01f0ee504gqpmkzzn2x7hpf3sx with node id 5fecd45b8ac2
2021-03-10T20:25:49.215Z [jfac ] [WARN ] [21843b4e6bcab0db] [o.j.c.ExecutionUtils:142      ] [pool-8-thread-2     ] - Retry 30 Elapsed 16.24 secs failed: Registration with router on URL http://localhost:8046 failed with error: UNAVAILABLE: io exception. Trying again
2021-03-10T20:25:50.863Z [jfac ] [INFO ] [21843b4e6bcab0db] [.AccessWithRouterRegistrar:111] [pool-8-thread-1     ] - Access Server successfully registered on Router on URL: http://localhost:8046
2021-03-10T20:25:51.064Z [jfac ] [INFO ] [21843b4e6bcab0db] [.s.b.AccessServerRegistrar:121] [pool-8-thread-1     ] - [ACCESS BOOTSTRAP] Updating server '5fecd45b8ac2' private key finger print to: 2c1160ae10d83546212e8b901f7378e14e1746e398d1bae62a25fa041c84191c ca private key finger print to: bb3c46c24094c6f3ff337b9a471beb37d03c802a7c3478c85176419ff0ee1e35
2021-03-10T20:25:51.111Z [jfac ] [INFO ] [21843b4e6bcab0db] [a.s.b.AccessServerRegistrar:77] [pool-8-thread-1     ] - [ACCESS BOOTSTRAP] JFrog Access registrar finished.
2021-03-10T20:25:51.760Z [jfac ] [INFO ] [5d7b49787ca53e99] [s.r.NodeRegistryServiceImpl:68] [27.0.0.1-8040-exec-9] - Cluster join: Successfully joined jfmd@01f0ee52frj430p7mhnyymj0qt with node id 5fecd45b8ac2
2021-03-10T20:26:35.020Z [jfac ] [INFO ] [                ] [o.j.a.s.s.CloseDownTomcat:41  ] [ocalhost-startStop-5] - Server Shutting down, removed server from HA: 5fecd45b8ac2
2021-03-10T20:27:38.566Z [jfac ] [INFO ] [e7a02a778c740ed5] [licationContextInitializer:162] [ocalhost-startStop-1] - Access (jfac) service initialization started. Version: 7.15.2 Revision: 71502900 PID: 3283 Home: /opt/jfrog/artifactory
2021-03-10T20:27:39.608Z [jfac ] [INFO ] [e7a02a778c740ed5] [o.j.a.AccessApplication:50    ] [ocalhost-startStop-1] - Starting AccessApplication v7.15.2 on 584f911c8ba1 with PID 3283 (/opt/jfrog/artifactory/app/artifactory/tomcat/webapps/access/WEB-INF/lib/access-application-7.15.2.jar started by artifactory in /var/opt/jfrog/artifactory)
2021-03-10T20:27:39.618Z [jfac ] [INFO ] [e7a02a778c740ed5] [o.j.a.AccessApplication:652   ] [ocalhost-startStop-1] - The following profiles are active: production
2021-03-10T20:27:39.901Z [jfac ] [WARN ] [                ] [ackson2ObjectMapperBuilder:836] [background-preinit  ] - For Jackson Kotlin classes support please add "com.fasterxml.jackson.module:jackson-module-kotlin" to the classpath
2021-03-10T20:27:54.337Z [jfac ] [WARN ] [e7a02a778c740ed5] [c.z.h.u.DriverDataSource:70   ] [ocalhost-startStop-1] - Registered driver with driverClassName=org.apache.derby.jdbc.EmbeddedDriver was not found, trying direct instantiation.
2021-03-10T20:27:54.462Z [jfac ] [INFO ] [e7a02a778c740ed5] [s.d.u.AccessJdbcHelperImpl:140] [ocalhost-startStop-1] - Database: Apache Derby 10.14.2.0 - (1828579). Driver: Apache Derby Embedded JDBC Driver 10.14.2.0 - (1828579)
2021-03-10T20:27:54.471Z [jfac ] [INFO ] [e7a02a778c740ed5] [s.d.u.AccessJdbcHelperImpl:143] [ocalhost-startStop-1] - Connection URL: jdbc:derby:/opt/jfrog/artifactory/var/data/artifactory/derby
2021-03-10T20:27:56.863Z [jfac ] [INFO ] [e7a02a778c740ed5] [alConfigurationServiceBase:182] [ocalhost-startStop-1] - Loading configuration from db finished successfully
2021-03-10T20:27:57.153Z [jfac ] [INFO ] [e7a02a778c740ed5] [alConfigurationServiceBase:114] [ocalhost-startStop-1] - Current configurations are the same as the new configurations, no need for an update. No action was taken.
2021-03-10T20:27:57.578Z [jfac ] [INFO ] [e7a02a778c740ed5] [.h.AccessNodeIdProviderImpl:73] [ocalhost-startStop-1] - Service id initialized: jfac@01f0ee4vgetvff1h1vy7ax05b9
2021-03-10T20:27:59.560Z [jfac ] [INFO ] [e7a02a778c740ed5] [j.a.s.s.t.TokenServiceImpl:115] [ocalhost-startStop-1] - Scheduling task for revoking expired tokens using cron expression: 0 0 0/1 * * ?
2021-03-10T20:28:00.616Z [jfac ] [INFO ] [e7a02a778c740ed5] [b.AccessServerBootstrapImpl:43] [ocalhost-startStop-1] - [ACCESS BOOTSTRAP] Starting JFrog Access bootstrap...
2021-03-10T20:28:00.617Z [jfac ] [INFO ] [e7a02a778c740ed5] [CertificateFileHandlerBase:115] [ocalhost-startStop-1] - [ACCESS BOOTSTRAP] Initializing root certificate.
2021-03-10T20:28:01.931Z [jfac ] [INFO ] [e7a02a778c740ed5] [CertificateFileHandlerBase:328] [ocalhost-startStop-1] - [ACCESS BOOTSTRAP] Saved new root certificate at: /opt/jfrog/artifactory/var/etc/access/keys/root.crt
2021-03-10T20:28:01.937Z [jfac ] [INFO ] [e7a02a778c740ed5] [CertificateFileHandlerBase:132] [ocalhost-startStop-1] - [ACCESS BOOTSTRAP] Finished initializing root certificate. Certificate source: DATABASE
2021-03-10T20:28:01.938Z [jfac ] [INFO ] [e7a02a778c740ed5] [CertificateFileHandlerBase:115] [ocalhost-startStop-1] - [ACCESS BOOTSTRAP] Initializing ca certificate.
2021-03-10T20:28:02.025Z [jfac ] [INFO ] [e7a02a778c740ed5] [CertificateFileHandlerBase:328] [ocalhost-startStop-1] - [ACCESS BOOTSTRAP] Saved new ca certificate at: /opt/jfrog/artifactory/var/etc/access/keys/ca.crt
2021-03-10T20:28:02.029Z [jfac ] [INFO ] [e7a02a778c740ed5] [CertificateFileHandlerBase:132] [ocalhost-startStop-1] - [ACCESS BOOTSTRAP] Finished initializing ca certificate. Certificate source: DATABASE
2021-03-10T20:28:02.637Z [jfac ] [INFO ] [e7a02a778c740ed5] [.a.s.s.m.MetricsServiceImpl:47] [ocalhost-startStop-1] - Metrics Framework Service is disabled
2021-03-10T20:28:02.679Z [jfac ] [INFO ] [e7a02a778c740ed5] [b.AccessServerBootstrapImpl:52] [ocalhost-startStop-1] - [ACCESS BOOTSTRAP] JFrog Access bootstrap finished.
2021-03-10T20:28:04.636Z [jfac ] [INFO ] [e7a02a778c740ed5] [o.j.a.s.r.s.GrpcServerImpl:65 ] [ocalhost-startStop-1] - Starting gRPC Server on port 8045
2021-03-10T20:28:05.346Z [jfac ] [INFO ] [e7a02a778c740ed5] [o.j.a.s.r.s.GrpcServerImpl:84 ] [ocalhost-startStop-1] - gRPC Server started, listening on 8045
2021-03-10T20:28:05.446Z [jfac ] [INFO ] [4a49c4ea6b8b4adc] [a.c.RefreshableScheduledJob:53] [ocalhost-startStop-1] - Scheduling loadCertificates task to run every 30 seconds
2021-03-10T20:28:05.515Z [jfac ] [INFO ] [4a49c4ea6b8b4adc] [a.c.RefreshableScheduledJob:53] [ocalhost-startStop-1] - Scheduling federationCleanupService task to run every 1209600 seconds
2021-03-10T20:28:05.610Z [jfac ] [INFO ] [8408b632236c49f6] [a.c.RefreshableScheduledJob:53] [ocalhost-startStop-1] - Scheduling heartbeat task to run every 5 seconds
2021-03-10T20:28:05.619Z [jfac ] [INFO ] [8408b632236c49f6] [a.c.RefreshableScheduledJob:53] [ocalhost-startStop-1] - Scheduling staleTokenCleanup task to run every 3600 seconds
2021-03-10T20:28:05.654Z [jfac ] [INFO ] [8408b632236c49f6] [o.j.a.s.s.JoinKeyAccess:172   ] [ocalhost-startStop-1] - Cluster join: Join key loaded successfully (from: /opt/jfrog/artifactory/var/etc/security/join.key)
2021-03-10T20:28:05.787Z [jfac ] [INFO ] [8408b632236c49f6] [a.s.b.AccessServerRegistrar:66] [ocalhost-startStop-1] - [ACCESS BOOTSTRAP] Starting JFrog Access registrar...
2021-03-10T20:28:09.911Z [jfac ] [INFO ] [8408b632236c49f6] [o.j.a.AccessApplication:59    ] [ocalhost-startStop-1] - Started AccessApplication in 37.491790179 seconds (JVM running for 55.892)
2021-03-10T20:28:12.155Z [jfac ] [WARN ] [8408b632236c49f6] [o.j.c.ExecutionUtils:142      ] [pool-24-thread-2    ] - Retry 10 Elapsed 6.35 secs failed: Registration with router on URL http://localhost:8046 failed with error: UNAVAILABLE: io exception. Trying again
2021-03-10T20:28:17.387Z [jfac ] [WARN ] [8408b632236c49f6] [o.j.c.ExecutionUtils:142      ] [pool-24-thread-2    ] - Retry 20 Elapsed 11.58 secs failed: Registration with router on URL http://localhost:8046 failed with error: UNAVAILABLE: io exception. Trying again
2021-03-10T20:28:19.847Z [jfac ] [WARN ] [517540df9cc3615b] [c.z.h.u.DriverDataSource:70   ] [27.0.0.1-8040-exec-4] - Registered driver with driverClassName=org.apache.derby.jdbc.EmbeddedDriver was not found, trying direct instantiation.
2021-03-10T20:28:21.924Z [jfac ] [INFO ] [517540df9cc3615b] [s.r.NodeRegistryServiceImpl:68] [27.0.0.1-8040-exec-4] - Cluster join: Successfully joined jfrou@01f0ee504gqpmkzzn2x7hpf3sx with node id 584f911c8ba1
2021-03-10T20:28:22.666Z [jfac ] [WARN ] [8408b632236c49f6] [o.j.c.ExecutionUtils:142      ] [pool-24-thread-2    ] - Retry 30 Elapsed 16.86 secs failed: Registration with router on URL http://localhost:8046 failed with error: UNAVAILABLE: io exception. Trying again
2021-03-10T20:28:27.964Z [jfac ] [WARN ] [8408b632236c49f6] [o.j.c.ExecutionUtils:142      ] [pool-24-thread-2    ] - Retry 40 Elapsed 22.16 secs failed: Registration with router on URL http://localhost:8046 failed with error: UNAVAILABLE: io exception. Trying again
2021-03-10T20:28:31.865Z [jfac ] [INFO ] [8408b632236c49f6] [.AccessWithRouterRegistrar:111] [pool-24-thread-1    ] - Access Server successfully registered on Router on URL: http://localhost:8046
2021-03-10T20:28:32.167Z [jfac ] [INFO ] [6dc287b964627162] [s.r.NodeRegistryServiceImpl:68] [27.0.0.1-8040-exec-8] - Cluster join: Successfully joined jfmd@01f0ee52frj430p7mhnyymj0qt with node id 584f911c8ba1
2021-03-10T20:28:32.473Z [jfac ] [INFO ] [8408b632236c49f6] [.s.b.AccessServerRegistrar:121] [pool-24-thread-1    ] - [ACCESS BOOTSTRAP] Updating server '584f911c8ba1' private key finger print to: 2c1160ae10d83546212e8b901f7378e14e1746e398d1bae62a25fa041c84191c ca private key finger print to: bb3c46c24094c6f3ff337b9a471beb37d03c802a7c3478c85176419ff0ee1e35
2021-03-10T20:28:32.618Z [jfac ] [INFO ] [8408b632236c49f6] [a.s.b.AccessServerRegistrar:77] [pool-24-thread-1    ] - [ACCESS BOOTSTRAP] JFrog Access registrar finished.
2021-03-10T20:28:33.875Z [jfac ] [INFO ] [1a7c5c317913fa46] [s.r.NodeRegistryServiceImpl:68] [27.0.0.1-8040-exec-2] - Cluster join: Successfully joined jfrt@01f0ee59rzdypp0wd25tvx1wd1 with node id 584f911c8ba1
2021-03-10T20:28:36.195Z [jfac ] [INFO ] [6fcf80debfadda16] [o.j.a.s.s.c.s.HeartbeatJob:81 ] [jf-access-task1     ] - Refreshing server state after it was considered as stale by peers [last previous successful update 1615408085527]
2021-03-10T20:28:36.197Z [jfac ] [INFO ] [6fcf80debfadda16] [CertificateFileHandlerBase:181] [jf-access-task1     ] - Loading ca certificate from database.
2021-03-10T20:28:36.421Z [jfac ] [INFO ] [6fcf80debfadda16] [CertificateFileHandlerBase:328] [jf-access-task1     ] - [ACCESS BOOTSTRAP] Saved new ca certificate at: /opt/jfrog/artifactory/var/etc/access/keys/ca.crt
2021-03-10T20:28:36.422Z [jfac ] [INFO ] [6fcf80debfadda16] [CertificateFileHandlerBase:190] [jf-access-task1     ] - Finished loading ca certificate from database.
2021-03-10T20:28:36.423Z [jfac ] [INFO ] [6fcf80debfadda16] [CertificateFileHandlerBase:181] [jf-access-task1     ] - Loading root certificate from database.
2021-03-10T20:28:36.476Z [jfac ] [INFO ] [6fcf80debfadda16] [CertificateFileHandlerBase:328] [jf-access-task1     ] - [ACCESS BOOTSTRAP] Saved new root certificate at: /opt/jfrog/artifactory/var/etc/access/keys/root.crt
2021-03-10T20:28:36.476Z [jfac ] [INFO ] [6fcf80debfadda16] [CertificateFileHandlerBase:190] [jf-access-task1     ] - Finished loading root certificate from database.
2021-03-10T20:28:36.484Z [jfac ] [INFO ] [6fcf80debfadda16] [alConfigurationServiceBase:182] [jf-access-task1     ] - Loading configuration from db finished successfully
2021-03-10T20:28:54.854Z [jfac ] [INFO ] [35cad4826e808362] [s.r.NodeRegistryServiceImpl:68] [27.0.0.1-8040-exec-4] - Cluster join: Successfully joined jffe@000 with node id 584f911c8ba1
2021-03-10T20:29:06.712Z [jfac ] [INFO ] [                ] [CertificateFileHandlerBase:181] [c-default-executor-0] - Loading ca certificate from database.
2021-03-10T20:29:06.777Z [jfac ] [INFO ] [                ] [CertificateFileHandlerBase:328] [c-default-executor-0] - [ACCESS BOOTSTRAP] Saved new ca certificate at: /opt/jfrog/artifactory/var/etc/access/keys/ca.crt
2021-03-10T20:29:06.778Z [jfac ] [INFO ] [                ] [CertificateFileHandlerBase:190] [c-default-executor-0] - Finished loading ca certificate from database.
2021-03-10T20:29:06.780Z [jfac ] [INFO ] [                ] [CertificateFileHandlerBase:181] [c-default-executor-0] - Loading root certificate from database.
2021-03-10T20:29:06.829Z [jfac ] [INFO ] [                ] [CertificateFileHandlerBase:328] [c-default-executor-0] - [ACCESS BOOTSTRAP] Saved new root certificate at: /opt/jfrog/artifactory/var/etc/access/keys/root.crt
2021-03-10T20:29:06.830Z [jfac ] [INFO ] [                ] [CertificateFileHandlerBase:190] [c-default-executor-0] - Finished loading root certificate from database.
2021-03-10T20:29:06.838Z [jfac ] [INFO ] [                ] [alConfigurationServiceBase:182] [c-default-executor-0] - Loading configuration from db finished successfully
2021-03-10T20:34:18.153Z [jfac ] [INFO ] [                ] [o.j.a.s.s.CloseDownTomcat:41  ] [ocalhost-startStop-4] - Server Shutting down, removed server from HA: 584f911c8ba1
2021-03-10T20:35:15.022Z [jfac ] [INFO ] [704b4a3ca68aceb ] [licationContextInitializer:162] [ocalhost-startStop-1] - Access (jfac) service initialization started. Version: 7.15.2 Revision: 71502900 PID: 3334 Home: /opt/jfrog/artifactory
2021-03-10T20:35:15.437Z [jfac ] [WARN ] [                ] [ackson2ObjectMapperBuilder:836] [background-preinit  ] - For Jackson Kotlin classes support please add "com.fasterxml.jackson.module:jackson-module-kotlin" to the classpath
2021-03-10T20:35:15.531Z [jfac ] [INFO ] [704b4a3ca68aceb ] [o.j.a.AccessApplication:50    ] [ocalhost-startStop-1] - Starting AccessApplication v7.15.2 on 7dff8f30b2ee with PID 3334 (/opt/jfrog/artifactory/app/artifactory/tomcat/webapps/access/WEB-INF/lib/access-application-7.15.2.jar started by artifactory in /var/opt/jfrog/artifactory)
2021-03-10T20:35:15.545Z [jfac ] [INFO ] [704b4a3ca68aceb ] [o.j.a.AccessApplication:652   ] [ocalhost-startStop-1] - The following profiles are active: production
2021-03-10T20:35:22.891Z [jfac ] [WARN ] [704b4a3ca68aceb ] [c.z.h.u.DriverDataSource:70   ] [ocalhost-startStop-1] - Registered driver with driverClassName=org.apache.derby.jdbc.EmbeddedDriver was not found, trying direct instantiation.
2021-03-10T20:35:22.940Z [jfac ] [INFO ] [704b4a3ca68aceb ] [s.d.u.AccessJdbcHelperImpl:140] [ocalhost-startStop-1] - Database: Apache Derby 10.14.2.0 - (1828579). Driver: Apache Derby Embedded JDBC Driver 10.14.2.0 - (1828579)
2021-03-10T20:35:22.942Z [jfac ] [INFO ] [704b4a3ca68aceb ] [s.d.u.AccessJdbcHelperImpl:143] [ocalhost-startStop-1] - Connection URL: jdbc:derby:/opt/jfrog/artifactory/var/data/artifactory/derby
2021-03-10T20:35:24.903Z [jfac ] [INFO ] [704b4a3ca68aceb ] [alConfigurationServiceBase:182] [ocalhost-startStop-1] - Loading configuration from db finished successfully
2021-03-10T20:35:25.290Z [jfac ] [INFO ] [704b4a3ca68aceb ] [alConfigurationServiceBase:114] [ocalhost-startStop-1] - Current configurations are the same as the new configurations, no need for an update. No action was taken.
2021-03-10T20:35:26.437Z [jfac ] [INFO ] [704b4a3ca68aceb ] [.h.AccessNodeIdProviderImpl:73] [ocalhost-startStop-1] - Service id initialized: jfac@01f0ee4vgetvff1h1vy7ax05b9
2021-03-10T20:35:27.659Z [jfac ] [INFO ] [704b4a3ca68aceb ] [j.a.s.s.t.TokenServiceImpl:115] [ocalhost-startStop-1] - Scheduling task for revoking expired tokens using cron expression: 0 0 0/1 * * ?
2021-03-10T20:35:28.751Z [jfac ] [INFO ] [704b4a3ca68aceb ] [b.AccessServerBootstrapImpl:43] [ocalhost-startStop-1] - [ACCESS BOOTSTRAP] Starting JFrog Access bootstrap...
2021-03-10T20:35:28.756Z [jfac ] [INFO ] [704b4a3ca68aceb ] [CertificateFileHandlerBase:115] [ocalhost-startStop-1] - [ACCESS BOOTSTRAP] Initializing root certificate.
2021-03-10T20:35:29.774Z [jfac ] [INFO ] [704b4a3ca68aceb ] [CertificateFileHandlerBase:328] [ocalhost-startStop-1] - [ACCESS BOOTSTRAP] Saved new root certificate at: /opt/jfrog/artifactory/var/etc/access/keys/root.crt
2021-03-10T20:35:29.782Z [jfac ] [INFO ] [704b4a3ca68aceb ] [CertificateFileHandlerBase:132] [ocalhost-startStop-1] - [ACCESS BOOTSTRAP] Finished initializing root certificate. Certificate source: DATABASE
2021-03-10T20:35:29.784Z [jfac ] [INFO ] [704b4a3ca68aceb ] [CertificateFileHandlerBase:115] [ocalhost-startStop-1] - [ACCESS BOOTSTRAP] Initializing ca certificate.
2021-03-10T20:35:29.907Z [jfac ] [INFO ] [704b4a3ca68aceb ] [CertificateFileHandlerBase:328] [ocalhost-startStop-1] - [ACCESS BOOTSTRAP] Saved new ca certificate at: /opt/jfrog/artifactory/var/etc/access/keys/ca.crt
2021-03-10T20:35:29.908Z [jfac ] [INFO ] [704b4a3ca68aceb ] [CertificateFileHandlerBase:132] [ocalhost-startStop-1] - [ACCESS BOOTSTRAP] Finished initializing ca certificate. Certificate source: DATABASE
2021-03-10T20:35:30.677Z [jfac ] [INFO ] [704b4a3ca68aceb ] [.a.s.s.m.MetricsServiceImpl:47] [ocalhost-startStop-1] - Metrics Framework Service is disabled
2021-03-10T20:35:30.679Z [jfac ] [INFO ] [704b4a3ca68aceb ] [b.AccessServerBootstrapImpl:52] [ocalhost-startStop-1] - [ACCESS BOOTSTRAP] JFrog Access bootstrap finished.
2021-03-10T20:35:33.261Z [jfac ] [INFO ] [704b4a3ca68aceb ] [o.j.a.s.r.s.GrpcServerImpl:65 ] [ocalhost-startStop-1] - Starting gRPC Server on port 8045
2021-03-10T20:35:33.917Z [jfac ] [INFO ] [704b4a3ca68aceb ] [o.j.a.s.r.s.GrpcServerImpl:84 ] [ocalhost-startStop-1] - gRPC Server started, listening on 8045
2021-03-10T20:35:33.950Z [jfac ] [INFO ] [36e2a4ffe1be30d8] [a.c.RefreshableScheduledJob:53] [ocalhost-startStop-1] - Scheduling loadCertificates task to run every 30 seconds
2021-03-10T20:35:33.979Z [jfac ] [INFO ] [36e2a4ffe1be30d8] [a.c.RefreshableScheduledJob:53] [ocalhost-startStop-1] - Scheduling federationCleanupService task to run every 1209600 seconds
2021-03-10T20:35:34.124Z [jfac ] [INFO ] [836ba1e6a28c677c] [a.c.RefreshableScheduledJob:53] [ocalhost-startStop-1] - Scheduling heartbeat task to run every 5 seconds
2021-03-10T20:35:34.131Z [jfac ] [INFO ] [836ba1e6a28c677c] [a.c.RefreshableScheduledJob:53] [ocalhost-startStop-1] - Scheduling staleTokenCleanup task to run every 3600 seconds
2021-03-10T20:35:34.170Z [jfac ] [INFO ] [836ba1e6a28c677c] [o.j.a.s.s.JoinKeyAccess:172   ] [ocalhost-startStop-1] - Cluster join: Join key loaded successfully (from: /opt/jfrog/artifactory/var/etc/security/join.key)
2021-03-10T20:35:34.405Z [jfac ] [INFO ] [836ba1e6a28c677c] [a.s.b.AccessServerRegistrar:66] [ocalhost-startStop-1] - [ACCESS BOOTSTRAP] Starting JFrog Access registrar...
2021-03-10T20:35:39.703Z [jfac ] [WARN ] [836ba1e6a28c677c] [o.j.c.ExecutionUtils:142      ] [pool-24-thread-2    ] - Retry 10 Elapsed 5.28 secs failed: Registration with router on URL http://localhost:8046 failed with error: UNAVAILABLE: io exception. Trying again
2021-03-10T20:35:39.915Z [jfac ] [INFO ] [836ba1e6a28c677c] [o.j.a.AccessApplication:59    ] [ocalhost-startStop-1] - Started AccessApplication in 30.417137289 seconds (JVM running for 53.812)
2021-03-10T20:35:45.217Z [jfac ] [WARN ] [836ba1e6a28c677c] [o.j.c.ExecutionUtils:142      ] [pool-24-thread-2    ] - Retry 20 Elapsed 10.8 secs failed: Registration with router on URL http://localhost:8046 failed with error: UNAVAILABLE: io exception. Trying again
2021-03-10T20:35:47.206Z [jfac ] [WARN ] [4c40de3b56700a18] [c.z.h.u.DriverDataSource:70   ] [27.0.0.1-8040-exec-4] - Registered driver with driverClassName=org.apache.derby.jdbc.EmbeddedDriver was not found, trying direct instantiation.
2021-03-10T20:35:47.620Z [jfac ] [INFO ] [4c40de3b56700a18] [s.r.NodeRegistryServiceImpl:68] [27.0.0.1-8040-exec-4] - Cluster join: Successfully joined jfrou@01f0ee504gqpmkzzn2x7hpf3sx with node id 7dff8f30b2ee
2021-03-10T20:35:50.750Z [jfac ] [WARN ] [836ba1e6a28c677c] [o.j.c.ExecutionUtils:142      ] [pool-24-thread-2    ] - Retry 30 Elapsed 16.33 secs failed: Registration with router on URL http://localhost:8046 failed with error: UNAVAILABLE: io exception. Trying again
2021-03-10T20:35:51.830Z [jfac ] [INFO ] [836ba1e6a28c677c] [.AccessWithRouterRegistrar:111] [pool-24-thread-2    ] - Access Server successfully registered on Router on URL: http://localhost:8046
2021-03-10T20:35:52.768Z [jfac ] [INFO ] [836ba1e6a28c677c] [.s.b.AccessServerRegistrar:121] [pool-24-thread-2    ] - [ACCESS BOOTSTRAP] Updating server '7dff8f30b2ee' private key finger print to: 2c1160ae10d83546212e8b901f7378e14e1746e398d1bae62a25fa041c84191c ca private key finger print to: bb3c46c24094c6f3ff337b9a471beb37d03c802a7c3478c85176419ff0ee1e35
2021-03-10T20:35:52.792Z [jfac ] [INFO ] [836ba1e6a28c677c] [a.s.b.AccessServerRegistrar:77] [pool-24-thread-2    ] - [ACCESS BOOTSTRAP] JFrog Access registrar finished.
2021-03-10T20:35:53.184Z [jfac ] [INFO ] [7f961338aaf23429] [s.r.NodeRegistryServiceImpl:68] [7.0.0.1-8040-exec-10] - Cluster join: Successfully joined jfmd@01f0ee52frj430p7mhnyymj0qt with node id 7dff8f30b2ee
2021-03-10T20:35:53.347Z [jfac ] [INFO ] [1a3494d99845b77f] [s.r.NodeRegistryServiceImpl:68] [27.0.0.1-8040-exec-2] - Cluster join: Successfully joined jfrt@01f0ee59rzdypp0wd25tvx1wd1 with node id 7dff8f30b2ee
2021-03-10T20:36:00.425Z [jfac ] [INFO ] [d09cff99460fb3  ] [s.r.NodeRegistryServiceImpl:68] [27.0.0.1-8040-exec-6] - Cluster join: Successfully joined jffe@000 with node id 7dff8f30b2ee
2021-03-10T20:36:08.646Z [jfac ] [INFO ] [                ] [CertificateFileHandlerBase:181] [c-default-executor-1] - Loading ca certificate from database.
2021-03-10T20:36:08.693Z [jfac ] [INFO ] [                ] [CertificateFileHandlerBase:328] [c-default-executor-1] - [ACCESS BOOTSTRAP] Saved new ca certificate at: /opt/jfrog/artifactory/var/etc/access/keys/ca.crt
2021-03-10T20:36:08.694Z [jfac ] [INFO ] [                ] [CertificateFileHandlerBase:190] [c-default-executor-1] - Finished loading ca certificate from database.
2021-03-10T20:36:08.694Z [jfac ] [INFO ] [                ] [CertificateFileHandlerBase:181] [c-default-executor-1] - Loading root certificate from database.
2021-03-10T20:36:08.741Z [jfac ] [INFO ] [                ] [CertificateFileHandlerBase:328] [c-default-executor-1] - [ACCESS BOOTSTRAP] Saved new root certificate at: /opt/jfrog/artifactory/var/etc/access/keys/root.crt
2021-03-10T20:36:08.742Z [jfac ] [INFO ] [                ] [CertificateFileHandlerBase:190] [c-default-executor-1] - Finished loading root certificate from database.
2021-03-10T20:36:08.746Z [jfac ] [INFO ] [                ] [alConfigurationServiceBase:182] [c-default-executor-1] - Loading configuration from db finished successfully
2021-03-10T21:00:00.051Z [jfac ] [INFO ] [6b0fa93b0b2b82d8] [j.a.s.s.t.TokenServiceImpl:152] [jf-access-task1     ] - Revoked 6 expired tokens.
2021-03-10T21:12:10.225Z [jfac ] [INFO ] [                ] [o.j.a.s.s.CloseDownTomcat:41  ] [ocalhost-startStop-4] - Server Shutting down, removed server from HA: 7dff8f30b2ee
2021-03-12T17:39:53.853Z [jfac ] [INFO ] [546d2bf92e0d0bce] [licationContextInitializer:162] [ocalhost-startStop-1] - Access (jfac) service initialization started. Version: 7.15.2 Revision: 71502900 PID: 3267 Home: /opt/jfrog/artifactory
2021-03-12T17:39:54.168Z [jfac ] [WARN ] [                ] [ackson2ObjectMapperBuilder:836] [background-preinit  ] - For Jackson Kotlin classes support please add "com.fasterxml.jackson.module:jackson-module-kotlin" to the classpath
2021-03-12T17:39:54.860Z [jfac ] [INFO ] [546d2bf92e0d0bce] [o.j.a.AccessApplication:50    ] [ocalhost-startStop-1] - Starting AccessApplication v7.15.2 on 67c0a3055c4b with PID 3267 (/opt/jfrog/artifactory/app/artifactory/tomcat/webapps/access/WEB-INF/lib/access-application-7.15.2.jar started by artifactory in /var/opt/jfrog/artifactory)
2021-03-12T17:39:54.867Z [jfac ] [INFO ] [546d2bf92e0d0bce] [o.j.a.AccessApplication:652   ] [ocalhost-startStop-1] - The following profiles are active: production
2021-03-12T17:40:13.144Z [jfac ] [WARN ] [546d2bf92e0d0bce] [c.z.h.u.DriverDataSource:70   ] [ocalhost-startStop-1] - Registered driver with driverClassName=org.apache.derby.jdbc.EmbeddedDriver was not found, trying direct instantiation.
2021-03-12T17:40:13.377Z [jfac ] [INFO ] [546d2bf92e0d0bce] [s.d.u.AccessJdbcHelperImpl:140] [ocalhost-startStop-1] - Database: Apache Derby 10.14.2.0 - (1828579). Driver: Apache Derby Embedded JDBC Driver 10.14.2.0 - (1828579)
2021-03-12T17:40:13.379Z [jfac ] [INFO ] [546d2bf92e0d0bce] [s.d.u.AccessJdbcHelperImpl:143] [ocalhost-startStop-1] - Connection URL: jdbc:derby:/opt/jfrog/artifactory/var/data/artifactory/derby
2021-03-12T17:40:21.218Z [jfac ] [INFO ] [546d2bf92e0d0bce] [alConfigurationServiceBase:182] [ocalhost-startStop-1] - Loading configuration from db finished successfully
2021-03-12T17:40:22.543Z [jfac ] [INFO ] [546d2bf92e0d0bce] [alConfigurationServiceBase:114] [ocalhost-startStop-1] - Current configurations are the same as the new configurations, no need for an update. No action was taken.
2021-03-12T17:40:26.475Z [jfac ] [INFO ] [546d2bf92e0d0bce] [.h.AccessNodeIdProviderImpl:73] [ocalhost-startStop-1] - Service id initialized: jfac@01f0ee4vgetvff1h1vy7ax05b9
2021-03-12T17:40:29.681Z [jfac ] [INFO ] [546d2bf92e0d0bce] [j.a.s.s.t.TokenServiceImpl:115] [ocalhost-startStop-1] - Scheduling task for revoking expired tokens using cron expression: 0 0 0/1 * * ?
2021-03-12T17:40:33.325Z [jfac ] [INFO ] [546d2bf92e0d0bce] [b.AccessServerBootstrapImpl:43] [ocalhost-startStop-1] - [ACCESS BOOTSTRAP] Starting JFrog Access bootstrap...
2021-03-12T17:40:33.351Z [jfac ] [INFO ] [546d2bf92e0d0bce] [CertificateFileHandlerBase:115] [ocalhost-startStop-1] - [ACCESS BOOTSTRAP] Initializing root certificate.
2021-03-12T17:40:34.308Z [jfac ] [INFO ] [546d2bf92e0d0bce] [CertificateFileHandlerBase:328] [ocalhost-startStop-1] - [ACCESS BOOTSTRAP] Saved new root certificate at: /opt/jfrog/artifactory/var/etc/access/keys/root.crt
2021-03-12T17:40:34.326Z [jfac ] [INFO ] [546d2bf92e0d0bce] [CertificateFileHandlerBase:132] [ocalhost-startStop-1] - [ACCESS BOOTSTRAP] Finished initializing root certificate. Certificate source: DATABASE
2021-03-12T17:40:34.327Z [jfac ] [INFO ] [546d2bf92e0d0bce] [CertificateFileHandlerBase:115] [ocalhost-startStop-1] - [ACCESS BOOTSTRAP] Initializing ca certificate.
2021-03-12T17:40:34.427Z [jfac ] [INFO ] [546d2bf92e0d0bce] [CertificateFileHandlerBase:328] [ocalhost-startStop-1] - [ACCESS BOOTSTRAP] Saved new ca certificate at: /opt/jfrog/artifactory/var/etc/access/keys/ca.crt
2021-03-12T17:40:34.429Z [jfac ] [INFO ] [546d2bf92e0d0bce] [CertificateFileHandlerBase:132] [ocalhost-startStop-1] - [ACCESS BOOTSTRAP] Finished initializing ca certificate. Certificate source: DATABASE
2021-03-12T17:40:35.633Z [jfac ] [INFO ] [546d2bf92e0d0bce] [.a.s.s.m.MetricsServiceImpl:47] [ocalhost-startStop-1] - Metrics Framework Service is disabled
2021-03-12T17:40:35.634Z [jfac ] [INFO ] [546d2bf92e0d0bce] [b.AccessServerBootstrapImpl:52] [ocalhost-startStop-1] - [ACCESS BOOTSTRAP] JFrog Access bootstrap finished.
2021-03-12T17:40:38.137Z [jfac ] [INFO ] [546d2bf92e0d0bce] [o.j.a.s.r.s.GrpcServerImpl:65 ] [ocalhost-startStop-1] - Starting gRPC Server on port 8045
2021-03-12T17:40:38.960Z [jfac ] [INFO ] [546d2bf92e0d0bce] [o.j.a.s.r.s.GrpcServerImpl:84 ] [ocalhost-startStop-1] - gRPC Server started, listening on 8045
2021-03-12T17:40:39.012Z [jfac ] [INFO ] [8095e1e58e8e70a1] [a.c.RefreshableScheduledJob:53] [ocalhost-startStop-1] - Scheduling loadCertificates task to run every 30 seconds
2021-03-12T17:40:39.067Z [jfac ] [INFO ] [8095e1e58e8e70a1] [a.c.RefreshableScheduledJob:53] [ocalhost-startStop-1] - Scheduling federationCleanupService task to run every 1209600 seconds
2021-03-12T17:40:39.199Z [jfac ] [INFO ] [ca04345bead8c7c ] [a.c.RefreshableScheduledJob:53] [ocalhost-startStop-1] - Scheduling heartbeat task to run every 5 seconds
2021-03-12T17:40:39.226Z [jfac ] [INFO ] [ca04345bead8c7c ] [a.c.RefreshableScheduledJob:53] [ocalhost-startStop-1] - Scheduling staleTokenCleanup task to run every 3600 seconds
2021-03-12T17:40:39.418Z [jfac ] [INFO ] [ca04345bead8c7c ] [o.j.a.s.s.JoinKeyAccess:172   ] [ocalhost-startStop-1] - Cluster join: Join key loaded successfully (from: /opt/jfrog/artifactory/var/etc/security/join.key)
2021-03-12T17:40:40.281Z [jfac ] [INFO ] [ca04345bead8c7c ] [a.s.b.AccessServerRegistrar:66] [ocalhost-startStop-1] - [ACCESS BOOTSTRAP] Starting JFrog Access registrar...
2021-03-12T17:40:47.436Z [jfac ] [WARN ] [ca04345bead8c7c ] [o.j.c.ExecutionUtils:142      ] [pool-32-thread-2    ] - Retry 10 Elapsed 7.1 secs failed: Registration with router on URL http://localhost:8046 failed with error: UNAVAILABLE: io exception. Trying again
2021-03-12T17:40:47.563Z [jfac ] [INFO ] [ca04345bead8c7c ] [o.j.a.AccessApplication:59    ] [ocalhost-startStop-1] - Started AccessApplication in 61.493328915 seconds (JVM running for 83.563)
2021-03-12T17:40:52.784Z [jfac ] [WARN ] [ca04345bead8c7c ] [o.j.c.ExecutionUtils:142      ] [pool-32-thread-2    ] - Retry 20 Elapsed 12.45 secs failed: Registration with router on URL http://localhost:8046 failed with error: UNAVAILABLE: io exception. Trying again
2021-03-12T17:40:53.732Z [jfac ] [WARN ] [580c83a8c32488d6] [c.z.h.u.DriverDataSource:70   ] [27.0.0.1-8040-exec-6] - Registered driver with driverClassName=org.apache.derby.jdbc.EmbeddedDriver was not found, trying direct instantiation.
2021-03-12T17:40:54.582Z [jfac ] [INFO ] [580c83a8c32488d6] [s.r.NodeRegistryServiceImpl:68] [27.0.0.1-8040-exec-6] - Cluster join: Successfully joined jfrou@01f0ee504gqpmkzzn2x7hpf3sx with node id 67c0a3055c4b
2021-03-12T17:40:58.067Z [jfac ] [INFO ] [ca04345bead8c7c ] [.AccessWithRouterRegistrar:111] [pool-32-thread-2    ] - Access Server successfully registered on Router on URL: http://localhost:8046
2021-03-12T17:40:58.530Z [jfac ] [INFO ] [ca04345bead8c7c ] [.s.b.AccessServerRegistrar:121] [pool-32-thread-2    ] - [ACCESS BOOTSTRAP] Updating server '67c0a3055c4b' private key finger print to: 2c1160ae10d83546212e8b901f7378e14e1746e398d1bae62a25fa041c84191c ca private key finger print to: bb3c46c24094c6f3ff337b9a471beb37d03c802a7c3478c85176419ff0ee1e35
2021-03-12T17:40:58.640Z [jfac ] [INFO ] [ca04345bead8c7c ] [a.s.b.AccessServerRegistrar:77] [pool-32-thread-2    ] - [ACCESS BOOTSTRAP] JFrog Access registrar finished.
2021-03-12T17:40:59.118Z [jfac ] [INFO ] [3d34e37bdd659c43] [s.r.NodeRegistryServiceImpl:68] [27.0.0.1-8040-exec-4] - Cluster join: Successfully joined jfmd@01f0ee52frj430p7mhnyymj0qt with node id 67c0a3055c4b
2021-03-12T17:41:01.286Z [jfac ] [INFO ] [bda7984c86a4a9c ] [s.r.NodeRegistryServiceImpl:68] [27.0.0.1-8040-exec-2] - Cluster join: Successfully joined jfrt@01f0ee59rzdypp0wd25tvx1wd1 with node id 67c0a3055c4b
2021-03-12T17:41:12.869Z [jfac ] [INFO ] [3cd4ed7d7b8da6c7] [s.r.NodeRegistryServiceImpl:68] [27.0.0.1-8040-exec-4] - Cluster join: Successfully joined jffe@000 with node id 67c0a3055c4b
2021-03-12T17:41:21.332Z [jfac ] [INFO ] [                ] [CertificateFileHandlerBase:181] [c-default-executor-1] - Loading ca certificate from database.
2021-03-12T17:41:21.422Z [jfac ] [INFO ] [                ] [CertificateFileHandlerBase:328] [c-default-executor-1] - [ACCESS BOOTSTRAP] Saved new ca certificate at: /opt/jfrog/artifactory/var/etc/access/keys/ca.crt
2021-03-12T17:41:21.424Z [jfac ] [INFO ] [                ] [CertificateFileHandlerBase:190] [c-default-executor-1] - Finished loading ca certificate from database.
2021-03-12T17:41:21.424Z [jfac ] [INFO ] [                ] [CertificateFileHandlerBase:181] [c-default-executor-1] - Loading root certificate from database.
2021-03-12T17:41:21.485Z [jfac ] [INFO ] [                ] [CertificateFileHandlerBase:328] [c-default-executor-1] - [ACCESS BOOTSTRAP] Saved new root certificate at: /opt/jfrog/artifactory/var/etc/access/keys/root.crt
2021-03-12T17:41:21.488Z [jfac ] [INFO ] [                ] [CertificateFileHandlerBase:190] [c-default-executor-1] - Finished loading root certificate from database.
2021-03-12T17:41:21.495Z [jfac ] [INFO ] [                ] [alConfigurationServiceBase:182] [c-default-executor-1] - Loading configuration from db finished successfully
2021-03-12T18:00:00.045Z [jfac ] [INFO ] [da9d60f5752191bf] [j.a.s.s.t.TokenServiceImpl:152] [jf-access-task1     ] - Revoked 3 expired tokens.
2021-03-12T18:40:39.244Z [jfac ] [INFO ] [f9fe86a247f63532] [.s.s.r.StaleTokenCleanupJob:62] [jf-access-task1     ] - Starting Access job to remove stale nodes and join-admin-tokens on server: 67c0a3055c4b
2021-03-12T18:40:39.812Z [jfac ] [INFO ] [f9fe86a247f63532] [.s.s.r.StaleTokenCleanupJob:73] [jf-access-task1     ] - Removed 0 Stale Nodes and 0 Join-Admin-Tokens from before: 2021-03-05T18:40:39 
2021-03-12T19:40:39.816Z [jfac ] [INFO ] [8eccf2e948f3be08] [.s.s.r.StaleTokenCleanupJob:62] [jf-access-task1     ] - Starting Access job to remove stale nodes and join-admin-tokens on server: 67c0a3055c4b
2021-03-12T19:40:39.883Z [jfac ] [INFO ] [8eccf2e948f3be08] [.s.s.r.StaleTokenCleanupJob:73] [jf-access-task1     ] - Removed 0 Stale Nodes and 0 Join-Admin-Tokens from before: 2021-03-05T19:40:39 
