2021-02-22T17:14:54.748Z [AUDIT] Token created by 'anonymous': tokenId='f1e1b252-7b44-4d81-b404-d626ed932b00', issuer='jfrou@01ez5bs3r314xmq2cc5j3k7vn8', subject='jfrou@01ez5bs3r314xmq2cc5j3k7vn8', expiry=none, refreshable=false
2021-02-22T17:14:56.033Z [AUDIT] Token created by 'anonymous': tokenId='23e5d120-4bc7-46b7-8cbb-d3cdca89c824', issuer='jfac@01ez5brynwf90j101b6e1x19gb', subject='jfac@01ez5brynwf90j101b6e1x19gb', expiry=1614014216018, refreshable=false
2021-02-22T17:14:56.194Z [AUDIT] Token created by 'anonymous': tokenId='45796147-a972-4438-bf61-2cd025811fb4', issuer='jfac@01ez5brynwf90j101b6e1x19gb', subject='jfac@01ez5brynwf90j101b6e1x19gb', expiry=1614014216192, refreshable=false
2021-02-22T17:14:56.427Z [AUDIT] Token created by 'anonymous': tokenId='56f846a3-159f-4a3b-9611-9ac270ed30fc', issuer='jfac@01ez5brynwf90j101b6e1x19gb', subject='jfac@01ez5brynwf90j101b6e1x19gb', expiry=1614014216423, refreshable=false
2021-02-22T17:14:56.862Z [AUDIT] Token created by 'anonymous': tokenId='5b7d68fb-6f21-471e-846b-312901f00ff1', issuer='jfac@01ez5brynwf90j101b6e1x19gb', subject='jfac@01ez5brynwf90j101b6e1x19gb', expiry=1614014216858, refreshable=false
2021-02-22T17:14:57.684Z [AUDIT] Token created by 'anonymous': tokenId='3639d26f-df26-48c9-9543-56b02d2814a5', issuer='jfac@01ez5brynwf90j101b6e1x19gb', subject='jfac@01ez5brynwf90j101b6e1x19gb', expiry=1614014217682, refreshable=false
2021-02-22T17:14:58.260Z [AUDIT] Token created by 'anonymous': tokenId='84301911-a0ca-4284-ad8f-883f4c10e3e4', issuer='jfevt@01ez5brynwf90j101b6e1x19gb', subject='jfevt@01ez5brynwf90j101b6e1x19gb', expiry=none, refreshable=false
2021-02-22T17:14:58.330Z [AUDIT] Token created by 'jfevt@01ez5brynwf90j101b6e1x19gb': tokenId='087ee5a9-35e0-4ab6-8969-aca743f01f6c', issuer='jfevt@01ez5brynwf90j101b6e1x19gb', subject='jfevt@01ez5brynwf90j101b6e1x19gb', expiry=1614100498325, refreshable=true
2021-02-22T17:14:58.332Z [AUDIT] Token created by 'jfevt@01ez5brynwf90j101b6e1x19gb': tokenId='c9ba6b82-97dc-4082-ab38-081e22b57575', issuer='jfevt@01ez5brynwf90j101b6e1x19gb', subject='jfevt@01ez5brynwf90j101b6e1x19gb', expiry=1614100498326, refreshable=true
2021-02-22T17:14:58.351Z [AUDIT] Token created by 'jfevt@01ez5brynwf90j101b6e1x19gb': tokenId='8ff97834-bbeb-41ce-a202-f1c0b996ab6e', issuer='jfevt@01ez5brynwf90j101b6e1x19gb', subject='jfevt@01ez5brynwf90j101b6e1x19gb', expiry=1614100498348, refreshable=true
2021-02-22T17:14:58.474Z [AUDIT] Token created by 'jfevt@01ez5brynwf90j101b6e1x19gb': tokenId='d355bdf1-56a9-4df2-bea7-914c1f5097cc', issuer='jfevt@01ez5brynwf90j101b6e1x19gb', subject='jfevt@01ez5brynwf90j101b6e1x19gb', expiry=1614100498376, refreshable=true
2021-02-22T17:14:58.598Z [AUDIT] Token created by 'anonymous': tokenId='15979d85-7980-40d2-8764-55582a920dc5', issuer='jfmd@01ez5bs5y2qpwy0sj9ah4cpd6z', subject='jfmd@01ez5bs5y2qpwy0sj9ah4cpd6z', expiry=none, refreshable=false
2021-02-22T17:15:04.575Z [AUDIT] Token created by 'anonymous': tokenId='522d729e-13db-4edb-a1d0-8d1b85c688d0', issuer='jfrt@01ez5bsggjc7h01x9d4aqs0mc0', subject='jfrt@01ez5bsggjc7h01x9d4aqs0mc0', expiry=none, refreshable=false
2021-02-22T17:15:06.007Z [AUDIT] Token created by 'jfrt@01ez5bsggjc7h01x9d4aqs0mc0': tokenId='c546dafd-94cd-48e1-9f70-48bf3cf87a13', issuer='jfrt@01ez5bsggjc7h01x9d4aqs0mc0', subject='jfrt@01ez5bsggjc7h01x9d4aqs0mc0', expiry=2560094106005, refreshable=false
2021-02-22T17:15:14.110Z [AUDIT] Token created by 'anonymous': tokenId='c3a8cf2d-6848-41e8-a2f4-c600486fad3e', issuer='jffe@000', subject='jffe@000', expiry=none, refreshable=false
2021-02-22T17:15:14.167Z [AUDIT] Token created by 'jffe@000': tokenId='350b1d9b-3c53-4ca6-9f05-f0f0e39d7c8c', issuer='jffe@000', subject='jffe@000/users/jffe@000', expiry=1614014714167, refreshable=false
2021-02-22T17:23:42.962Z [AUDIT] Token created by 'jffe@000': tokenId='72a8514f-c96a-41b5-b22a-7c9d6a9ab753', issuer='jffe@000', subject='jffe@000/users/anonymous', expiry=1614015222962, refreshable=false
2021-02-22T17:23:42.964Z [AUDIT] Token created by 'jffe@000': tokenId='71aeb2aa-c08c-441c-a483-46b8c4582820', issuer='jffe@000', subject='jffe@000/users/anonymous', expiry=1614015222964, refreshable=false
2021-02-22T17:23:42.964Z [AUDIT] Token created by 'jffe@000': tokenId='bc80e137-1c24-4956-9804-fbc7d96e942f', issuer='jffe@000', subject='jffe@000/users/anonymous', expiry=1614015222964, refreshable=false
2021-02-22T17:23:42.975Z [AUDIT] Token created by 'jffe@000': tokenId='01339055-ddd1-4182-a6f1-1470a2ab80ee', issuer='jffe@000', subject='jffe@000/users/anonymous', expiry=1614015222975, refreshable=false
2021-02-22T17:25:16.535Z [AUDIT] Token created by 'jffe@000': tokenId='c9d94ac8-0df8-439b-8e33-bde0eac544ff', issuer='jffe@000', subject='jffe@000/users/jffe@000', expiry=1614015316534, refreshable=false
2021-02-22T17:25:16.538Z [AUDIT] Token created by 'jffe@000': tokenId='65d27456-071e-4ea6-a157-aa38268f6c2c', issuer='jffe@000', subject='jffe@000/users/jffe@000', expiry=1614015316538, refreshable=false
2021-02-22T17:25:16.539Z [AUDIT] Token created by 'jffe@000': tokenId='379fe869-ef50-4220-b028-d9e7584f4a65', issuer='jffe@000', subject='jffe@000/users/jffe@000', expiry=1614015316539, refreshable=false
2021-02-22T17:25:16.539Z [AUDIT] Token created by 'jffe@000': tokenId='8cca2b2e-9cf5-406a-afd3-c850dba828b0', issuer='jffe@000', subject='jffe@000/users/jffe@000', expiry=1614015316539, refreshable=false
2021-02-22T17:28:13.089Z [AUDIT] Token created by 'jffe@000': tokenId='1c695dfe-53ed-4f20-8bb1-6abbbb7c7524', issuer='jffe@000', subject='jffe@000/users/admin', expiry=1614016693087, refreshable=true
2021-02-22T17:28:13.183Z [AUDIT] Token created by 'jffe@000': tokenId='310487a8-27a3-44e9-91b7-688d1c860f51', issuer='jffe@000', subject='jffe@000/users/admin', expiry=1614015493183, refreshable=false
2021-02-22T17:28:13.183Z [AUDIT] Token created by 'jffe@000': tokenId='09a5ac48-edc7-4a0c-9d9b-19d3db0f17e3', issuer='jffe@000', subject='jffe@000/users/admin', expiry=1614015493183, refreshable=false
2021-02-22T17:28:13.199Z [AUDIT] Token created by 'jffe@000': tokenId='8c290d5b-ca14-40fb-9662-9d6a1ef09898', issuer='jffe@000', subject='jffe@000/users/admin', expiry=1614015493199, refreshable=false
2021-02-22T17:35:16.605Z [AUDIT] Token created by 'jffe@000': tokenId='4a975e61-51d1-4b2b-9e92-98d300ba18c0', issuer='jffe@000', subject='jffe@000/users/jffe@000', expiry=1614015916605, refreshable=false
2021-02-22T17:35:16.606Z [AUDIT] Token created by 'jffe@000': tokenId='7e321aba-6430-48f4-8c62-ae5d9e579390', issuer='jffe@000', subject='jffe@000/users/jffe@000', expiry=1614015916606, refreshable=false
2021-02-22T17:35:16.606Z [AUDIT] Token created by 'jffe@000': tokenId='83c3f91e-d879-4944-9a18-202a43b1e74c', issuer='jffe@000', subject='jffe@000/users/jffe@000', expiry=1614015916606, refreshable=false
2021-02-22T17:35:16.608Z [AUDIT] Token created by 'jffe@000': tokenId='999d0fae-cb56-4ab4-93cd-1aebc35e5085', issuer='jffe@000', subject='jffe@000/users/jffe@000', expiry=1614015916608, refreshable=false
2021-02-22T17:36:29.109Z [AUDIT] Token refreshed by 'jffe@000': oldTokenId='1c695dfe-53ed-4f20-8bb1-6abbbb7c7524', tokenId='9da1b427-73b7-4702-be9f-7b06b9185ca1', issuer='jffe@000', subject='jffe@000/users/admin', expiry=1614017189101, refreshable=true
2021-02-22T17:38:13.475Z [AUDIT] Token created by 'jffe@000': tokenId='43055c95-777a-435d-a914-232935412d47', issuer='jffe@000', subject='jffe@000/users/admin', expiry=1614016093475, refreshable=false
2021-02-22T17:45:16.739Z [AUDIT] Token created by 'jffe@000': tokenId='df86d653-f3ab-4eb8-a3c8-bcbe3d32f2ed', issuer='jffe@000', subject='jffe@000/users/jffe@000', expiry=1614016516739, refreshable=false
2021-02-22T17:45:16.740Z [AUDIT] Token created by 'jffe@000': tokenId='d3f16eee-4632-427b-aa9d-4d11ccee44e1', issuer='jffe@000', subject='jffe@000/users/jffe@000', expiry=1614016516740, refreshable=false
2021-02-22T17:45:16.743Z [AUDIT] Token created by 'jffe@000': tokenId='df006a0f-922b-4d24-849c-4120f51eacee', issuer='jffe@000', subject='jffe@000/users/jffe@000', expiry=1614016516743, refreshable=false
2021-02-22T17:45:16.743Z [AUDIT] Token created by 'jffe@000': tokenId='721d7453-081c-4e7c-b0e9-df12466ce337', issuer='jffe@000', subject='jffe@000/users/jffe@000', expiry=1614016516743, refreshable=false
2021-02-22T17:48:13.736Z [AUDIT] Token created by 'jffe@000': tokenId='643fb0c1-a5de-48ed-8593-a9a2616a4f88', issuer='jffe@000', subject='jffe@000/users/admin', expiry=1614016693736, refreshable=false
2021-02-22T17:52:39.557Z [AUDIT] Token refreshed by 'jffe@000': oldTokenId='9da1b427-73b7-4702-be9f-7b06b9185ca1', tokenId='16fa8612-e0a1-4d3a-aced-112db21742d9', issuer='jffe@000', subject='jffe@000/users/admin', expiry=1614018159548, refreshable=true
2021-02-22T17:54:50.864Z [AUDIT] Token created by 'jffe@000': tokenId='9e081b83-27fe-4e60-b7a9-5d1ea878da12', issuer='jffe@000', subject='jffe@000/users/admin', expiry=1614017090864, refreshable=false
2021-02-22T17:55:16.815Z [AUDIT] Token created by 'jffe@000': tokenId='546de935-24cc-491e-89b4-ad9b21165dbe', issuer='jffe@000', subject='jffe@000/users/jffe@000', expiry=1614017116815, refreshable=false
2021-02-22T17:55:16.815Z [AUDIT] Token created by 'jffe@000': tokenId='735497f9-9568-4b39-984d-60c1cabfad03', issuer='jffe@000', subject='jffe@000/users/jffe@000', expiry=1614017116815, refreshable=false
2021-02-22T17:55:16.816Z [AUDIT] Token created by 'jffe@000': tokenId='ebbe1af0-b876-401d-bd1b-29f2bec79418', issuer='jffe@000', subject='jffe@000/users/jffe@000', expiry=1614017116816, refreshable=false
2021-02-22T17:55:16.818Z [AUDIT] Token created by 'jffe@000': tokenId='b8ed7621-bb36-413b-bff1-cfc6c5e28745', issuer='jffe@000', subject='jffe@000/users/jffe@000', expiry=1614017116818, refreshable=false
2021-02-22T17:57:51.035Z [AUDIT] Token refreshed by 'jffe@000': oldTokenId='16fa8612-e0a1-4d3a-aced-112db21742d9', tokenId='716b75f0-e0ce-4b80-aaaa-ae0c7015ce5a', issuer='jffe@000', subject='jffe@000/users/admin', expiry=1614018471029, refreshable=true
2021-02-22T17:58:13.738Z [AUDIT] Token created by 'jffe@000': tokenId='1dde9371-2ddf-4d3b-b2fe-4009f87062ef', issuer='jffe@000', subject='jffe@000/users/admin', expiry=1614017293738, refreshable=false
2021-02-22T18:05:16.893Z [AUDIT] Token created by 'jffe@000': tokenId='a020df32-f047-4030-9213-288a77ca8795', issuer='jffe@000', subject='jffe@000/users/jffe@000', expiry=1614017716893, refreshable=false
2021-02-22T18:05:16.893Z [AUDIT] Token created by 'jffe@000': tokenId='50bc6be5-a31a-4af3-922a-cf20c906837c', issuer='jffe@000', subject='jffe@000/users/jffe@000', expiry=1614017716893, refreshable=false
2021-02-22T18:05:16.893Z [AUDIT] Token created by 'jffe@000': tokenId='8ee150ad-5056-4552-a243-366367411a67', issuer='jffe@000', subject='jffe@000/users/jffe@000', expiry=1614017716893, refreshable=false
2021-02-22T18:05:16.902Z [AUDIT] Token created by 'jffe@000': tokenId='f3db71fa-8e16-4ac3-9cc7-2c054ce60483', issuer='jffe@000', subject='jffe@000/users/jffe@000', expiry=1614017716901, refreshable=false
2021-02-22T18:09:11.674Z [AUDIT] Token created by 'jffe@000': tokenId='71b691a2-334d-4922-9804-97580962cdb9', issuer='jffe@000', subject='jffe@000/users/admin', expiry=1614017951674, refreshable=false
2021-02-22T18:12:03.866Z [AUDIT] Token refreshed by 'jffe@000': oldTokenId='716b75f0-e0ce-4b80-aaaa-ae0c7015ce5a', tokenId='67dea9da-cf83-49aa-9345-a8dfca440c97', issuer='jffe@000', subject='jffe@000/users/admin', expiry=1614019323860, refreshable=true
2021-02-22T18:12:12.979Z [AUDIT] Token created by 'jffe@000': tokenId='e7e3a5e9-0fac-4d1d-a1a3-ce0f7d2c2996', issuer='jffe@000', subject='jffe@000/users/admin', expiry=1614018132979, refreshable=false
2021-02-22T18:15:16.961Z [AUDIT] Token created by 'jffe@000': tokenId='d05bb3f6-452c-4834-abca-67534473850a', issuer='jffe@000', subject='jffe@000/users/jffe@000', expiry=1614018316960, refreshable=false
2021-02-22T18:15:16.961Z [AUDIT] Token created by 'jffe@000': tokenId='094f71ee-663b-4a92-b91e-f0f6bcd3f546', issuer='jffe@000', subject='jffe@000/users/jffe@000', expiry=1614018316960, refreshable=false
2021-02-22T18:15:16.962Z [AUDIT] Token created by 'jffe@000': tokenId='d9953e27-4732-4fa3-b81e-45385039def8', issuer='jffe@000', subject='jffe@000/users/jffe@000', expiry=1614018316962, refreshable=false
2021-02-22T18:15:16.968Z [AUDIT] Token created by 'jffe@000': tokenId='be497f85-1117-46d9-b964-3447c40bc0ce', issuer='jffe@000', subject='jffe@000/users/jffe@000', expiry=1614018316968, refreshable=false
2021-02-22T18:17:29.436Z [AUDIT] Token refreshed by 'jffe@000': oldTokenId='67dea9da-cf83-49aa-9345-a8dfca440c97', tokenId='1d67bc3a-4a1e-4dab-af45-e6ecd1ee2043', issuer='jffe@000', subject='jffe@000/users/admin', expiry=1614019649431, refreshable=true
2021-02-22T18:19:28.734Z [AUDIT] Token created by 'jffe@000': tokenId='b21a5162-e6b0-4ee3-8607-8aed6c0c4735', issuer='jffe@000', subject='jffe@000/users/admin', expiry=1614018568734, refreshable=false
2021-02-22T18:22:50.612Z [AUDIT] Token refreshed by 'jffe@000': oldTokenId='1d67bc3a-4a1e-4dab-af45-e6ecd1ee2043', tokenId='e1f72f59-3c64-49c7-82fc-23c9e2caf43f', issuer='jffe@000', subject='jffe@000/users/admin', expiry=1614019970608, refreshable=true
2021-02-22T18:25:17.011Z [AUDIT] Token created by 'jffe@000': tokenId='d5ff1747-4890-41dc-b993-a9431ae0b315', issuer='jffe@000', subject='jffe@000/users/jffe@000', expiry=1614018917011, refreshable=false
2021-02-22T18:25:17.011Z [AUDIT] Token created by 'jffe@000': tokenId='d6ea1dcb-db55-45a9-8e11-eae484b6a08b', issuer='jffe@000', subject='jffe@000/users/jffe@000', expiry=1614018917011, refreshable=false
2021-02-22T18:25:17.014Z [AUDIT] Token created by 'jffe@000': tokenId='c8dd1524-7811-4c7f-8aba-6c67e4e4ac6d', issuer='jffe@000', subject='jffe@000/users/jffe@000', expiry=1614018917014, refreshable=false
2021-02-22T18:25:17.018Z [AUDIT] Token created by 'jffe@000': tokenId='93062264-5a5c-4190-9141-efaf729b6d21', issuer='jffe@000', subject='jffe@000/users/jffe@000', expiry=1614018917018, refreshable=false
2021-02-22T18:26:05.124Z [AUDIT] Token created by 'jffe@000': tokenId='acf27048-47e2-4c37-938b-bd95b8379b33', issuer='jffe@000', subject='jffe@000/users/admin', expiry=1614018965124, refreshable=false
2021-02-22T18:28:14.967Z [AUDIT] Token refreshed by 'jffe@000': oldTokenId='e1f72f59-3c64-49c7-82fc-23c9e2caf43f', tokenId='c1afaaa1-7f75-4d87-8ce7-4ee5f809313f', issuer='jffe@000', subject='jffe@000/users/admin', expiry=1614020294957, refreshable=true
2021-02-22T18:29:28.747Z [AUDIT] Token created by 'jffe@000': tokenId='d095936b-9c23-4315-ad66-a3f445f1358c', issuer='jffe@000', subject='jffe@000/users/admin', expiry=1614019168747, refreshable=false
2021-02-22T18:32:25.100Z [AUDIT] Token revoked by 'jffe@000': tokenId='c1afaaa1-7f75-4d87-8ce7-4ee5f809313f', issuer='jffe@000', subject='jffe@000/users/admin', expiry=1614020294957, refreshable=true
2021-02-22T18:32:25.211Z [AUDIT] Token created by 'jffe@000': tokenId='57bbac97-c58c-4851-b245-0bb0f7c0b61f', issuer='jffe@000', subject='jffe@000/users/anonymous', expiry=1614019345211, refreshable=false
2021-02-22T18:32:25.213Z [AUDIT] Token created by 'jffe@000': tokenId='fb6b213e-2c71-42da-9686-5c5c6d18ff03', issuer='jffe@000', subject='jffe@000/users/anonymous', expiry=1614019345213, refreshable=false
2021-02-22T18:32:25.214Z [AUDIT] Token created by 'jffe@000': tokenId='0e1324f8-bc4a-48c8-8fe0-9f486e70fac9', issuer='jffe@000', subject='jffe@000/users/anonymous', expiry=1614019345210, refreshable=false
2021-02-22T18:32:25.225Z [AUDIT] Token created by 'jffe@000': tokenId='73cea8d2-9ddb-40ad-a957-7832274b9908', issuer='jffe@000', subject='jffe@000/users/anonymous', expiry=1614019345225, refreshable=false
2021-02-22T18:32:31.979Z [AUDIT] Token created by 'jffe@000': tokenId='522712f4-1a3b-428e-89f4-a17fbed4f7f8', issuer='jffe@000', subject='jffe@000/users/maven', expiry=1614020551975, refreshable=true
2021-02-22T18:32:32.023Z [AUDIT] Token created by 'jffe@000': tokenId='d85075e5-cf8b-405e-acca-fd39fed59025', issuer='jffe@000', subject='jffe@000/users/maven', expiry=1614019352023, refreshable=false
2021-02-22T18:32:39.642Z [AUDIT] Token revoked by 'jffe@000': tokenId='522712f4-1a3b-428e-89f4-a17fbed4f7f8', issuer='jffe@000', subject='jffe@000/users/maven', expiry=1614020551975, refreshable=true
2021-02-22T18:32:43.497Z [AUDIT] Token created by 'jffe@000': tokenId='fa818a7b-ec9c-4097-a51c-89de6717d4c5', issuer='jffe@000', subject='jffe@000/users/admin', expiry=1614020563494, refreshable=true
2021-02-22T18:32:43.559Z [AUDIT] Token created by 'jffe@000': tokenId='85a860af-1f9a-46e4-9128-6e737220c67f', issuer='jffe@000', subject='jffe@000/users/admin', expiry=1614019363559, refreshable=false
2021-02-22T18:32:43.564Z [AUDIT] Token created by 'jffe@000': tokenId='7f4e10b0-b046-46f1-9c33-b534bcd319e2', issuer='jffe@000', subject='jffe@000/users/admin', expiry=1614019363564, refreshable=false
2021-02-22T18:32:43.576Z [AUDIT] Token created by 'jffe@000': tokenId='c2ec548b-d804-4259-9b4b-571cc47d9349', issuer='jffe@000', subject='jffe@000/users/admin', expiry=1614019363576, refreshable=false
2021-02-22T18:35:17.175Z [AUDIT] Token created by 'jffe@000': tokenId='21fdb3b2-fc1b-4456-a00c-3cc70f27de91', issuer='jffe@000', subject='jffe@000/users/jffe@000', expiry=1614019517175, refreshable=false
2021-02-22T18:35:17.175Z [AUDIT] Token created by 'jffe@000': tokenId='d49c3530-ef21-4b9c-9364-55c4006853ef', issuer='jffe@000', subject='jffe@000/users/jffe@000', expiry=1614019517175, refreshable=false
2021-02-22T18:35:17.175Z [AUDIT] Token created by 'jffe@000': tokenId='4e22b436-73fe-4cda-81a9-468bd7910e7e', issuer='jffe@000', subject='jffe@000/users/jffe@000', expiry=1614019517175, refreshable=false
2021-02-22T18:35:17.175Z [AUDIT] Token created by 'jffe@000': tokenId='2a4fd1b3-e357-4bf9-bbaf-0f62ae49a11f', issuer='jffe@000', subject='jffe@000/users/jffe@000', expiry=1614019517175, refreshable=false
2021-02-22T18:38:12.020Z [AUDIT] Token refreshed by 'jffe@000': oldTokenId='fa818a7b-ec9c-4097-a51c-89de6717d4c5', tokenId='fe47b955-ab94-4ce9-82b1-e231bc0270cc', issuer='jffe@000', subject='jffe@000/users/admin', expiry=1614020892016, refreshable=true
2021-02-22T18:38:44.069Z [AUDIT] Token revoked by 'jffe@000': tokenId='fe47b955-ab94-4ce9-82b1-e231bc0270cc', issuer='jffe@000', subject='jffe@000/users/admin', expiry=1614020892016, refreshable=true
2021-02-22T18:38:52.564Z [AUDIT] Token created by 'jffe@000': tokenId='6a7ceb2e-6c94-428d-b980-7e9c1233c459', issuer='jffe@000', subject='jffe@000/users/maven', expiry=1614020932562, refreshable=true
2021-02-22T18:38:52.612Z [AUDIT] Token created by 'jffe@000': tokenId='160175ca-bcfe-460e-a41d-f9f5debf20b5', issuer='jffe@000', subject='jffe@000/users/maven', expiry=1614019732612, refreshable=false
2021-02-22T18:39:28.197Z [AUDIT] Token revoked by 'jffe@000': tokenId='6a7ceb2e-6c94-428d-b980-7e9c1233c459', issuer='jffe@000', subject='jffe@000/users/maven', expiry=1614020932562, refreshable=true
2021-02-22T18:39:32.931Z [AUDIT] Token created by 'jffe@000': tokenId='a49715c5-9722-42e9-aa08-13aede43cc6f', issuer='jffe@000', subject='jffe@000/users/admin', expiry=1614020972929, refreshable=true
2021-02-22T18:39:33.000Z [AUDIT] Token created by 'jffe@000': tokenId='d833ec20-0d22-4bf3-9c38-c7ab4d322ea0', issuer='jffe@000', subject='jffe@000/users/admin', expiry=1614019773000, refreshable=false
2021-02-22T18:39:33.000Z [AUDIT] Token created by 'jffe@000': tokenId='bc0391e8-d4d4-41f6-a041-66d0bf9245c6', issuer='jffe@000', subject='jffe@000/users/admin', expiry=1614019773000, refreshable=false
2021-02-22T18:39:33.010Z [AUDIT] Token created by 'jffe@000': tokenId='1141332c-c1da-438d-bf30-e31aa21d69d1', issuer='jffe@000', subject='jffe@000/users/admin', expiry=1614019773010, refreshable=false
2021-02-22T18:39:43.516Z [AUDIT] Token created by 'jffe@000': tokenId='5443a8f0-3da2-4177-a6cb-15da7b2b0e4f', issuer='jffe@000', subject='jffe@000/users/admin', expiry=1614019783516, refreshable=false
2021-02-22T18:40:11.481Z [AUDIT] Token revoked by 'jffe@000': tokenId='a49715c5-9722-42e9-aa08-13aede43cc6f', issuer='jffe@000', subject='jffe@000/users/admin', expiry=1614020972929, refreshable=true
2021-02-22T18:40:16.298Z [AUDIT] Token created by 'jffe@000': tokenId='2c414e6f-9223-4708-b53a-49534561ff62', issuer='jffe@000', subject='jffe@000/users/admin', expiry=1614021016295, refreshable=true
2021-02-22T18:40:16.350Z [AUDIT] Token created by 'jffe@000': tokenId='0a4c943f-443a-4e81-b01a-8a1373b00a5c', issuer='jffe@000', subject='jffe@000/users/admin', expiry=1614019816350, refreshable=false
2021-02-22T18:40:16.350Z [AUDIT] Token created by 'jffe@000': tokenId='6737dc7b-4a21-472a-9499-1c58dbb9cc16', issuer='jffe@000', subject='jffe@000/users/admin', expiry=1614019816350, refreshable=false
2021-02-22T18:40:16.353Z [AUDIT] Token created by 'jffe@000': tokenId='025c1e73-d1e1-45a9-b211-da2a80973387', issuer='jffe@000', subject='jffe@000/users/admin', expiry=1614019816353, refreshable=false
2021-02-22T18:40:27.934Z [AUDIT] Token revoked by 'jffe@000': tokenId='2c414e6f-9223-4708-b53a-49534561ff62', issuer='jffe@000', subject='jffe@000/users/admin', expiry=1614021016295, refreshable=true
2021-02-22T18:40:35.584Z [AUDIT] Token created by 'jffe@000': tokenId='cdf01ecb-c99b-4f05-a82c-2a44eb87a1fb', issuer='jffe@000', subject='jffe@000/users/maven', expiry=1614021035582, refreshable=true
2021-02-22T18:40:35.629Z [AUDIT] Token created by 'jffe@000': tokenId='6fc02640-123b-4b3f-87b4-f87fd4d161a1', issuer='jffe@000', subject='jffe@000/users/maven', expiry=1614019835629, refreshable=false
2021-02-22T18:41:39.876Z [AUDIT] Token revoked by 'jffe@000': tokenId='cdf01ecb-c99b-4f05-a82c-2a44eb87a1fb', issuer='jffe@000', subject='jffe@000/users/maven', expiry=1614021035582, refreshable=true
2021-02-22T18:41:44.333Z [AUDIT] Token created by 'jffe@000': tokenId='78e7ddb0-550f-48da-a7a4-37f9231484f1', issuer='jffe@000', subject='jffe@000/users/admin', expiry=1614021104330, refreshable=true
2021-02-22T18:41:44.391Z [AUDIT] Token created by 'jffe@000': tokenId='d498c26a-832b-404c-9404-7ed5bf0df14b', issuer='jffe@000', subject='jffe@000/users/admin', expiry=1614019904391, refreshable=false
2021-02-22T18:41:44.394Z [AUDIT] Token created by 'jffe@000': tokenId='20a0e734-3969-4abd-9993-4b3449df7ffc', issuer='jffe@000', subject='jffe@000/users/admin', expiry=1614019904394, refreshable=false
2021-02-22T18:41:44.398Z [AUDIT] Token created by 'jffe@000': tokenId='92cefbe6-227a-4f13-92b8-1064c8bfe08e', issuer='jffe@000', subject='jffe@000/users/admin', expiry=1614019904398, refreshable=false
2021-02-22T18:41:44.758Z [AUDIT] Token created by 'jffe@000': tokenId='97da4410-5368-43a5-b23f-7dfa8c3bfd49', issuer='jffe@000', subject='jffe@000/users/admin', expiry=1614019904758, refreshable=false
2021-02-22T18:42:14.301Z [AUDIT] Token created by 'jffe@000': tokenId='fd893c0d-c0a8-4a80-a4ff-06e68386484e', issuer='jffe@000', subject='jffe@000/users/admin', expiry=1614019934301, refreshable=false
2021-02-22T18:44:20.870Z [AUDIT] Token revoked by 'jffe@000': tokenId='78e7ddb0-550f-48da-a7a4-37f9231484f1', issuer='jffe@000', subject='jffe@000/users/admin', expiry=1614021104330, refreshable=true
2021-02-22T18:44:20.978Z [AUDIT] Token created by 'jffe@000': tokenId='71529a5c-6ff6-4df3-a66f-d66101759c69', issuer='jffe@000', subject='jffe@000/users/anonymous', expiry=1614020060978, refreshable=false
2021-02-22T18:44:20.979Z [AUDIT] Token created by 'jffe@000': tokenId='95be235f-b4d7-46e8-95cf-778453dd594d', issuer='jffe@000', subject='jffe@000/users/anonymous', expiry=1614020060979, refreshable=false
2021-02-22T18:44:20.979Z [AUDIT] Token created by 'jffe@000': tokenId='5a1d01e2-1eac-421e-90b0-7544fbc87ed7', issuer='jffe@000', subject='jffe@000/users/anonymous', expiry=1614020060979, refreshable=false
2021-02-22T18:44:20.984Z [AUDIT] Token created by 'jffe@000': tokenId='13f75aa8-b829-43d2-8c07-ef705c6449c2', issuer='jffe@000', subject='jffe@000/users/anonymous', expiry=1614020060983, refreshable=false
2021-02-22T18:44:27.246Z [AUDIT] Token created by 'jffe@000': tokenId='e5209e22-02c8-4ece-add3-533151297542', issuer='jffe@000', subject='jffe@000/users/maven', expiry=1614021267231, refreshable=true
2021-02-22T18:44:27.283Z [AUDIT] Token created by 'jffe@000': tokenId='a918db9c-fe42-435c-a416-28e266f51e7f', issuer='jffe@000', subject='jffe@000/users/maven', expiry=1614020067283, refreshable=false
2021-02-22T18:45:17.515Z [AUDIT] Token created by 'jffe@000': tokenId='15893da2-0de2-4645-87b5-ad95f96fe700', issuer='jffe@000', subject='jffe@000/users/jffe@000', expiry=1614020117515, refreshable=false
2021-02-22T18:45:17.516Z [AUDIT] Token created by 'jffe@000': tokenId='ca8a04f2-ad22-41b7-8fe9-5bf8d2ff1406', issuer='jffe@000', subject='jffe@000/users/jffe@000', expiry=1614020117516, refreshable=false
2021-02-22T18:45:17.517Z [AUDIT] Token created by 'jffe@000': tokenId='7006c046-9f92-4019-be11-6204c6b3bced', issuer='jffe@000', subject='jffe@000/users/jffe@000', expiry=1614020117517, refreshable=false
2021-02-22T18:45:17.518Z [AUDIT] Token created by 'jffe@000': tokenId='154ae3ec-ba5a-4afd-88b9-50970ee03c86', issuer='jffe@000', subject='jffe@000/users/jffe@000', expiry=1614020117518, refreshable=false
2021-02-22T18:55:11.747Z [AUDIT] Token created by 'jffe@000': tokenId='6b529166-c309-4bd3-bbaf-b7e650a681bc', issuer='jffe@000', subject='jffe@000/users/maven', expiry=1614020711747, refreshable=false
2021-02-22T18:55:17.755Z [AUDIT] Token created by 'jffe@000': tokenId='ca70a5cc-510f-41e1-bbd4-2e0a21a3192d', issuer='jffe@000', subject='jffe@000/users/jffe@000', expiry=1614020717754, refreshable=false
2021-02-22T18:55:17.755Z [AUDIT] Token created by 'jffe@000': tokenId='449568a6-999a-404a-8e66-04b7e2c9ed0e', issuer='jffe@000', subject='jffe@000/users/jffe@000', expiry=1614020717754, refreshable=false
2021-02-22T18:55:17.761Z [AUDIT] Token created by 'jffe@000': tokenId='4eadde73-2c84-4549-9b10-7b691fec7636', issuer='jffe@000', subject='jffe@000/users/jffe@000', expiry=1614020717761, refreshable=false
2021-02-22T18:55:17.768Z [AUDIT] Token created by 'jffe@000': tokenId='899838d8-be9a-49cc-9d74-3737479d1379', issuer='jffe@000', subject='jffe@000/users/jffe@000', expiry=1614020717768, refreshable=false
2021-02-22T18:55:49.993Z [AUDIT] Token refreshed by 'jffe@000': oldTokenId='e5209e22-02c8-4ece-add3-533151297542', tokenId='5711848d-5348-4945-9a9f-5e7dc6a7a51e', issuer='jffe@000', subject='jffe@000/users/maven', expiry=1614021949989, refreshable=true
2021-02-22T19:00:57.500Z [AUDIT] Token refreshed by 'jffe@000': oldTokenId='5711848d-5348-4945-9a9f-5e7dc6a7a51e', tokenId='e233451a-37db-44d8-8ad6-d3024f69b098', issuer='jffe@000', subject='jffe@000/users/maven', expiry=1614022257496, refreshable=true
2021-02-22T19:05:17.740Z [AUDIT] Token created by 'jffe@000': tokenId='b2708879-26c6-439f-85ea-c68a36796e41', issuer='jffe@000', subject='jffe@000/users/maven', expiry=1614021317740, refreshable=false
2021-02-22T19:05:17.831Z [AUDIT] Token created by 'jffe@000': tokenId='ae2bfa1f-9da0-4eec-910d-7a235cf333dd', issuer='jffe@000', subject='jffe@000/users/jffe@000', expiry=1614021317831, refreshable=false
2021-02-22T19:05:17.836Z [AUDIT] Token created by 'jffe@000': tokenId='85b4b8ad-28be-4057-906e-2416cebc0b2a', issuer='jffe@000', subject='jffe@000/users/jffe@000', expiry=1614021317835, refreshable=false
2021-02-22T19:05:17.836Z [AUDIT] Token created by 'jffe@000': tokenId='46063593-64c3-4ff1-93a6-623c1993e223', issuer='jffe@000', subject='jffe@000/users/jffe@000', expiry=1614021317836, refreshable=false
2021-02-22T19:05:17.836Z [AUDIT] Token created by 'jffe@000': tokenId='55ef010f-1b18-4267-8b82-e8a000d14a96', issuer='jffe@000', subject='jffe@000/users/jffe@000', expiry=1614021317836, refreshable=false
2021-02-22T19:06:40.962Z [AUDIT] Token refreshed by 'jffe@000': oldTokenId='e233451a-37db-44d8-8ad6-d3024f69b098', tokenId='5ad008c2-3519-46c5-9906-6d0c92d159a6', issuer='jffe@000', subject='jffe@000/users/maven', expiry=1614022600956, refreshable=true
2021-02-22T19:15:17.935Z [AUDIT] Token created by 'jffe@000': tokenId='7c2f69a9-b1b4-495a-ab8d-f9e62ff8dd0f', issuer='jffe@000', subject='jffe@000/users/jffe@000', expiry=1614021917935, refreshable=false
2021-02-22T19:15:17.936Z [AUDIT] Token created by 'jffe@000': tokenId='d949cf14-22ee-4cd7-ac8e-a050bf26c9f4', issuer='jffe@000', subject='jffe@000/users/jffe@000', expiry=1614021917935, refreshable=false
2021-02-22T19:15:17.936Z [AUDIT] Token created by 'jffe@000': tokenId='cd92d44e-ab29-43c7-a14a-b4a05680b6c1', issuer='jffe@000', subject='jffe@000/users/jffe@000', expiry=1614021917936, refreshable=false
2021-02-22T19:15:17.936Z [AUDIT] Token created by 'jffe@000': tokenId='c4c655cb-e91b-4e00-b569-209e1f70394d', issuer='jffe@000', subject='jffe@000/users/jffe@000', expiry=1614021917936, refreshable=false
2021-02-22T19:16:11.739Z [AUDIT] Token created by 'jffe@000': tokenId='ae9171da-74f8-4f78-a287-3610d1aef619', issuer='jffe@000', subject='jffe@000/users/maven', expiry=1614021971739, refreshable=false
2021-02-22T19:25:18.193Z [AUDIT] Token created by 'jffe@000': tokenId='eb11151c-f859-4a94-95e5-fcb99155a204', issuer='jffe@000', subject='jffe@000/users/jffe@000', expiry=1614022518193, refreshable=false
2021-02-22T19:25:18.194Z [AUDIT] Token created by 'jffe@000': tokenId='f3dd5845-8137-4907-9820-05a6ee891acb', issuer='jffe@000', subject='jffe@000/users/jffe@000', expiry=1614022518194, refreshable=false
2021-02-22T19:25:18.193Z [AUDIT] Token created by 'jffe@000': tokenId='3c24d2aa-71a1-4d48-a11c-75ef21f2374f', issuer='jffe@000', subject='jffe@000/users/jffe@000', expiry=1614022518193, refreshable=false
2021-02-22T19:25:18.194Z [AUDIT] Token created by 'jffe@000': tokenId='87e1fb74-3bf7-4970-8e4f-0ee16951f127', issuer='jffe@000', subject='jffe@000/users/jffe@000', expiry=1614022518194, refreshable=false
2021-02-22T19:25:36.730Z [AUDIT] Token refreshed by 'jffe@000': oldTokenId='5ad008c2-3519-46c5-9906-6d0c92d159a6', tokenId='140c7983-2391-4b56-8579-108df045ae47', issuer='jffe@000', subject='jffe@000/users/maven', expiry=1614023736720, refreshable=true
2021-02-22T19:26:32.380Z [AUDIT] Token created by 'jffe@000': tokenId='fd5424ad-4fd7-4cd0-8200-0360d6aa24be', issuer='jffe@000', subject='jffe@000/users/maven', expiry=1614022592380, refreshable=false
2021-02-22T19:30:57.247Z [AUDIT] Token refreshed by 'jffe@000': oldTokenId='140c7983-2391-4b56-8579-108df045ae47', tokenId='8bd97776-1c03-44b5-acc5-7719f5fccdd3', issuer='jffe@000', subject='jffe@000/users/maven', expiry=1614024057243, refreshable=true
2021-02-22T19:35:18.248Z [AUDIT] Token created by 'jffe@000': tokenId='1e5089b5-ab5a-43c9-ba2a-53f4dc3b6e57', issuer='jffe@000', subject='jffe@000/users/jffe@000', expiry=1614023118248, refreshable=false
2021-02-22T19:35:18.248Z [AUDIT] Token created by 'jffe@000': tokenId='35838eee-8723-4c24-a81f-c3edfdca8a01', issuer='jffe@000', subject='jffe@000/users/jffe@000', expiry=1614023118248, refreshable=false
2021-02-22T19:35:18.249Z [AUDIT] Token created by 'jffe@000': tokenId='5e0c370e-76d0-47c7-b4db-9d51dcb582de', issuer='jffe@000', subject='jffe@000/users/jffe@000', expiry=1614023118249, refreshable=false
2021-02-22T19:35:18.252Z [AUDIT] Token created by 'jffe@000': tokenId='7e018a83-f17e-499d-b086-fe58bc45d297', issuer='jffe@000', subject='jffe@000/users/jffe@000', expiry=1614023118252, refreshable=false
2021-02-22T19:36:32.382Z [AUDIT] Token created by 'jffe@000': tokenId='4959e568-3a36-4703-bbe4-5a41085af67d', issuer='jffe@000', subject='jffe@000/users/maven', expiry=1614023192382, refreshable=false
2021-02-22T19:45:00.377Z [AUDIT] Token refreshed by 'jffe@000': oldTokenId='8bd97776-1c03-44b5-acc5-7719f5fccdd3', tokenId='6a49130c-019c-404f-9a69-066049a8423b', issuer='jffe@000', subject='jffe@000/users/maven', expiry=1614024900371, refreshable=true
2021-02-22T19:45:18.340Z [AUDIT] Token created by 'jffe@000': tokenId='71d87c12-2296-4b9e-8bc9-b28059718c16', issuer='jffe@000', subject='jffe@000/users/jffe@000', expiry=1614023718340, refreshable=false
2021-02-22T19:45:18.340Z [AUDIT] Token created by 'jffe@000': tokenId='93e5946e-98e8-4238-b39d-c460e21d5edd', issuer='jffe@000', subject='jffe@000/users/jffe@000', expiry=1614023718340, refreshable=false
2021-02-22T19:45:18.340Z [AUDIT] Token created by 'jffe@000': tokenId='54ecad29-519b-42b4-a1cf-3e6a87d8c49a', issuer='jffe@000', subject='jffe@000/users/jffe@000', expiry=1614023718340, refreshable=false
2021-02-22T19:45:18.341Z [AUDIT] Token created by 'jffe@000': tokenId='0c450c28-6451-4c80-b46f-d4b7cf16f743', issuer='jffe@000', subject='jffe@000/users/jffe@000', expiry=1614023718341, refreshable=false
2021-02-22T19:46:32.739Z [AUDIT] Token created by 'jffe@000': tokenId='f9e9a1ca-b385-4055-8db4-af82ab87e115', issuer='jffe@000', subject='jffe@000/users/maven', expiry=1614023792739, refreshable=false
2021-02-22T19:55:18.402Z [AUDIT] Token created by 'jffe@000': tokenId='1535e1a6-78f2-4c5d-a49c-900619070bd3', issuer='jffe@000', subject='jffe@000/users/jffe@000', expiry=1614024318402, refreshable=false
2021-02-22T19:55:18.402Z [AUDIT] Token created by 'jffe@000': tokenId='dea84428-2eb0-41cb-b8f8-14615093b9e1', issuer='jffe@000', subject='jffe@000/users/jffe@000', expiry=1614024318402, refreshable=false
2021-02-22T19:55:18.402Z [AUDIT] Token created by 'jffe@000': tokenId='a14094c6-3ae7-4e3d-96b7-1ffff09df621', issuer='jffe@000', subject='jffe@000/users/jffe@000', expiry=1614024318402, refreshable=false
2021-02-22T19:55:18.403Z [AUDIT] Token created by 'jffe@000': tokenId='54a05c29-3938-428b-a0f5-689351b37827', issuer='jffe@000', subject='jffe@000/users/jffe@000', expiry=1614024318403, refreshable=false
2021-02-22T19:57:11.745Z [AUDIT] Token created by 'jffe@000': tokenId='a63e6950-953a-4479-a808-4ad6030c8fe6', issuer='jffe@000', subject='jffe@000/users/maven', expiry=1614024431745, refreshable=false
2021-02-22T20:00:02.531Z [AUDIT] Token refreshed by 'jffe@000': oldTokenId='6a49130c-019c-404f-9a69-066049a8423b', tokenId='b4d5e04c-b7ab-4d9f-ac2f-4c2ee0d9dba4', issuer='jffe@000', subject='jffe@000/users/maven', expiry=1614025802525, refreshable=true
2021-02-22T20:05:18.475Z [AUDIT] Token created by 'jffe@000': tokenId='b0541d64-141c-40dc-b8bd-52911dd633b7', issuer='jffe@000', subject='jffe@000/users/jffe@000', expiry=1614024918475, refreshable=false
2021-02-22T20:05:18.475Z [AUDIT] Token created by 'jffe@000': tokenId='c31249be-580d-4341-aaa8-f9d9d339fe4e', issuer='jffe@000', subject='jffe@000/users/jffe@000', expiry=1614024918475, refreshable=false
2021-02-22T20:05:18.475Z [AUDIT] Token created by 'jffe@000': tokenId='ccabf5ff-b910-4916-a4c1-9b0b607b73f9', issuer='jffe@000', subject='jffe@000/users/jffe@000', expiry=1614024918475, refreshable=false
2021-02-22T20:05:18.478Z [AUDIT] Token created by 'jffe@000': tokenId='b9a6ce38-0027-4333-9886-06d8427ed1d1', issuer='jffe@000', subject='jffe@000/users/jffe@000', expiry=1614024918478, refreshable=false
2021-02-22T20:07:11.740Z [AUDIT] Token created by 'jffe@000': tokenId='db5f66cb-b834-4e4b-a795-fffa57afc3fa', issuer='jffe@000', subject='jffe@000/users/maven', expiry=1614025031740, refreshable=false
2021-02-23T20:30:01.311Z [AUDIT] Token created by 'jffe@000': tokenId='4be46933-bcae-4eca-a34c-ad7e6822cb51', issuer='jffe@000', subject='jffe@000/users/jffe@000', expiry=1614112801311, refreshable=false
2021-02-23T20:30:01.312Z [AUDIT] Token created by 'jffe@000': tokenId='9df238fb-b399-4ace-81af-d928e5ffa957', issuer='jffe@000', subject='jffe@000/users/jffe@000', expiry=1614112801312, refreshable=false
2021-02-23T20:30:01.317Z [AUDIT] Token created by 'jffe@000': tokenId='5b904a2d-57bc-4f97-832d-05704d120540', issuer='jffe@000', subject='jffe@000/users/jffe@000', expiry=1614112801317, refreshable=false
2021-02-23T20:30:01.324Z [AUDIT] Token created by 'jffe@000': tokenId='00076ad1-4695-4409-b529-b8b128a1b8f3', issuer='jffe@000', subject='jffe@000/users/jffe@000', expiry=1614112801324, refreshable=false
2021-02-23T20:30:04.429Z [AUDIT] Token created by 'jffe@000': tokenId='e07e8c12-0fde-467e-ad4b-22ca0dc70ab5', issuer='jffe@000', subject='jffe@000/users/anonymous', expiry=1614112804429, refreshable=false
2021-02-23T20:30:04.430Z [AUDIT] Token created by 'jffe@000': tokenId='edd17ba5-cf12-49d0-96bc-cd6e3ff5e7dc', issuer='jffe@000', subject='jffe@000/users/anonymous', expiry=1614112804430, refreshable=false
2021-02-23T20:30:04.446Z [AUDIT] Token created by 'jffe@000': tokenId='6191da76-bc14-475c-bc9a-a51fe5d67e9b', issuer='jffe@000', subject='jffe@000/users/anonymous', expiry=1614112804445, refreshable=false
2021-02-23T20:30:04.451Z [AUDIT] Token created by 'jffe@000': tokenId='3408536a-58c6-48d9-a513-0c7e7d6c4a3d', issuer='jffe@000', subject='jffe@000/users/anonymous', expiry=1614112804451, refreshable=false
2021-02-23T20:30:31.225Z [AUDIT] Token created by 'jfevt@01ez5brynwf90j101b6e1x19gb': tokenId='4b4810b9-62b4-4580-ba2a-c9a4876797d7', issuer='jfevt@01ez5brynwf90j101b6e1x19gb', subject='jfevt@01ez5brynwf90j101b6e1x19gb', expiry=1614198631219, refreshable=true
2021-02-23T20:30:31.226Z [AUDIT] Token created by 'jfevt@01ez5brynwf90j101b6e1x19gb': tokenId='cac8134a-0d83-4db8-bfdf-5c2eb5bdc09c', issuer='jfevt@01ez5brynwf90j101b6e1x19gb', subject='jfevt@01ez5brynwf90j101b6e1x19gb', expiry=1614198631219, refreshable=true
2021-02-23T20:40:01.408Z [AUDIT] Token created by 'jffe@000': tokenId='17f4468b-8685-4f88-8519-24819df080bb', issuer='jffe@000', subject='jffe@000/users/jffe@000', expiry=1614113401408, refreshable=false
2021-02-23T20:40:01.408Z [AUDIT] Token created by 'jffe@000': tokenId='84640b48-4c13-4a96-b25f-00b4f4a068a6', issuer='jffe@000', subject='jffe@000/users/jffe@000', expiry=1614113401408, refreshable=false
2021-02-23T20:40:01.408Z [AUDIT] Token created by 'jffe@000': tokenId='6ab3b72b-ab25-4499-947b-b8c62aff6b49', issuer='jffe@000', subject='jffe@000/users/jffe@000', expiry=1614113401408, refreshable=false
2021-02-23T20:40:01.411Z [AUDIT] Token created by 'jffe@000': tokenId='41945137-5dd9-40a4-bde2-d5f6a77d980d', issuer='jffe@000', subject='jffe@000/users/jffe@000', expiry=1614113401410, refreshable=false
2021-02-23T20:50:01.457Z [AUDIT] Token created by 'jffe@000': tokenId='3e6d260c-fd7f-4dbf-96fd-d7df1bbd159e', issuer='jffe@000', subject='jffe@000/users/jffe@000', expiry=1614114001457, refreshable=false
2021-02-23T20:50:01.457Z [AUDIT] Token created by 'jffe@000': tokenId='36f92188-7ec1-45d8-b3aa-06bc4b8d012a', issuer='jffe@000', subject='jffe@000/users/jffe@000', expiry=1614114001457, refreshable=false
2021-02-23T20:50:01.457Z [AUDIT] Token created by 'jffe@000': tokenId='04fcb4c6-c081-49e4-bfad-74de154e8a29', issuer='jffe@000', subject='jffe@000/users/jffe@000', expiry=1614114001457, refreshable=false
2021-02-23T20:50:01.464Z [AUDIT] Token created by 'jffe@000': tokenId='998212fc-b5ce-4d1e-afa5-592a8b45e472', issuer='jffe@000', subject='jffe@000/users/jffe@000', expiry=1614114001464, refreshable=false
2021-02-23T21:00:01.505Z [AUDIT] Token created by 'jffe@000': tokenId='b5cd022e-86f3-41cb-8697-17d6bae7e0b7', issuer='jffe@000', subject='jffe@000/users/jffe@000', expiry=1614114601505, refreshable=false
2021-02-23T21:00:01.505Z [AUDIT] Token created by 'jffe@000': tokenId='509ffcdc-ab66-4e6e-9a5e-6e580ee585ab', issuer='jffe@000', subject='jffe@000/users/jffe@000', expiry=1614114601505, refreshable=false
2021-02-23T21:00:01.506Z [AUDIT] Token created by 'jffe@000': tokenId='3015f998-0189-41bb-9fbe-42f38ad48795', issuer='jffe@000', subject='jffe@000/users/jffe@000', expiry=1614114601506, refreshable=false
2021-02-23T21:00:01.506Z [AUDIT] Token created by 'jffe@000': tokenId='e431082b-47f4-4259-888a-8e9d2c65de46', issuer='jffe@000', subject='jffe@000/users/jffe@000', expiry=1614114601506, refreshable=false
2021-02-23T21:10:01.580Z [AUDIT] Token created by 'jffe@000': tokenId='33114dee-1960-41db-8667-3c248937a99e', issuer='jffe@000', subject='jffe@000/users/jffe@000', expiry=1614115201580, refreshable=false
2021-02-23T21:10:01.580Z [AUDIT] Token created by 'jffe@000': tokenId='ac2fec1c-f333-4d38-8847-97fe876be6f3', issuer='jffe@000', subject='jffe@000/users/jffe@000', expiry=1614115201580, refreshable=false
2021-02-23T21:10:01.583Z [AUDIT] Token created by 'jffe@000': tokenId='62b90529-2314-4bd4-8658-357a66efaa0f', issuer='jffe@000', subject='jffe@000/users/jffe@000', expiry=1614115201583, refreshable=false
2021-02-23T21:10:01.586Z [AUDIT] Token created by 'jffe@000': tokenId='640a63ed-7082-4668-be8c-a72c39d50cc8', issuer='jffe@000', subject='jffe@000/users/jffe@000', expiry=1614115201586, refreshable=false
2021-02-23T21:20:01.684Z [AUDIT] Token created by 'jffe@000': tokenId='9eaf4607-f943-4cdb-abb6-85b8596bb10d', issuer='jffe@000', subject='jffe@000/users/jffe@000', expiry=1614115801684, refreshable=false
2021-02-23T21:20:01.684Z [AUDIT] Token created by 'jffe@000': tokenId='5a95e3b0-637b-4b7c-8781-86ec428e0d01', issuer='jffe@000', subject='jffe@000/users/jffe@000', expiry=1614115801684, refreshable=false
2021-02-23T21:20:01.697Z [AUDIT] Token created by 'jffe@000': tokenId='26e70b90-1d84-404e-b688-37157812dd00', issuer='jffe@000', subject='jffe@000/users/jffe@000', expiry=1614115801697, refreshable=false
2021-02-23T21:20:01.704Z [AUDIT] Token created by 'jffe@000': tokenId='e3ad99a5-03be-4b6c-8239-3280649836dd', issuer='jffe@000', subject='jffe@000/users/jffe@000', expiry=1614115801704, refreshable=false
2021-02-23T21:30:01.751Z [AUDIT] Token created by 'jffe@000': tokenId='44ecebc1-e9f5-48b7-b455-2653a8486661', issuer='jffe@000', subject='jffe@000/users/jffe@000', expiry=1614116401751, refreshable=false
2021-02-23T21:30:01.751Z [AUDIT] Token created by 'jffe@000': tokenId='978afb05-2d91-4111-bc36-5dca426e1c1e', issuer='jffe@000', subject='jffe@000/users/jffe@000', expiry=1614116401751, refreshable=false
2021-02-23T21:30:01.751Z [AUDIT] Token created by 'jffe@000': tokenId='beab616e-5926-4df9-9f2d-dbd30d2258b5', issuer='jffe@000', subject='jffe@000/users/jffe@000', expiry=1614116401751, refreshable=false
2021-02-23T21:30:01.755Z [AUDIT] Token created by 'jffe@000': tokenId='bd933b19-a063-42e2-87f7-60fcddba4ab8', issuer='jffe@000', subject='jffe@000/users/jffe@000', expiry=1614116401754, refreshable=false
2021-02-23T21:40:01.854Z [AUDIT] Token created by 'jffe@000': tokenId='9d5ba62c-f319-4111-9cfb-eb4ba9c263d2', issuer='jffe@000', subject='jffe@000/users/jffe@000', expiry=1614117001854, refreshable=false
2021-02-23T21:40:01.858Z [AUDIT] Token created by 'jffe@000': tokenId='4b04ca4e-bff9-4bea-b4ca-584259d2941e', issuer='jffe@000', subject='jffe@000/users/jffe@000', expiry=1614117001858, refreshable=false
2021-02-23T21:40:01.858Z [AUDIT] Token created by 'jffe@000': tokenId='979ccc9f-92a7-4bdf-9104-cc57206bd999', issuer='jffe@000', subject='jffe@000/users/jffe@000', expiry=1614117001858, refreshable=false
2021-02-23T21:40:01.865Z [AUDIT] Token created by 'jffe@000': tokenId='a6ff9ab6-084f-45af-9415-0df6ac1be6de', issuer='jffe@000', subject='jffe@000/users/jffe@000', expiry=1614117001865, refreshable=false
2021-02-23T21:50:01.920Z [AUDIT] Token created by 'jffe@000': tokenId='65783412-7746-404d-8575-35711865c885', issuer='jffe@000', subject='jffe@000/users/jffe@000', expiry=1614117601920, refreshable=false
2021-02-23T21:50:01.920Z [AUDIT] Token created by 'jffe@000': tokenId='5c8084a2-e67c-40b9-b7a5-4b8a86184e81', issuer='jffe@000', subject='jffe@000/users/jffe@000', expiry=1614117601920, refreshable=false
2021-02-23T21:50:01.921Z [AUDIT] Token created by 'jffe@000': tokenId='d0ffac6b-a050-4b3f-bccf-9456d5590411', issuer='jffe@000', subject='jffe@000/users/jffe@000', expiry=1614117601921, refreshable=false
2021-02-23T21:50:01.924Z [AUDIT] Token created by 'jffe@000': tokenId='44d8623a-5f7d-4323-9f7a-6ebf8851cb23', issuer='jffe@000', subject='jffe@000/users/jffe@000', expiry=1614117601924, refreshable=false
2021-02-23T22:00:02.007Z [AUDIT] Token created by 'jffe@000': tokenId='3ff818c8-ccbd-48f0-b358-55ea0bab5c74', issuer='jffe@000', subject='jffe@000/users/jffe@000', expiry=1614118202007, refreshable=false
2021-02-23T22:00:02.009Z [AUDIT] Token created by 'jffe@000': tokenId='9a758bfc-3ba5-4230-957b-b8ad1c7666d6', issuer='jffe@000', subject='jffe@000/users/jffe@000', expiry=1614118202009, refreshable=false
2021-02-23T22:00:02.012Z [AUDIT] Token created by 'jffe@000': tokenId='9a8f01a2-3ea3-4bc5-9665-5f035ca8cf28', issuer='jffe@000', subject='jffe@000/users/jffe@000', expiry=1614118202012, refreshable=false
2021-02-23T22:00:02.013Z [AUDIT] Token created by 'jffe@000': tokenId='cedb4d21-b16d-4bc1-9bbe-b24624bd355f', issuer='jffe@000', subject='jffe@000/users/jffe@000', expiry=1614118202013, refreshable=false
2021-02-23T22:10:02.075Z [AUDIT] Token created by 'jffe@000': tokenId='7a4e1d0a-86c7-4fcb-9833-cc435932887d', issuer='jffe@000', subject='jffe@000/users/jffe@000', expiry=1614118802075, refreshable=false
2021-02-23T22:10:02.076Z [AUDIT] Token created by 'jffe@000': tokenId='f9f25cb4-67c2-419d-ad9d-3368de110098', issuer='jffe@000', subject='jffe@000/users/jffe@000', expiry=1614118802076, refreshable=false
2021-02-23T22:10:02.077Z [AUDIT] Token created by 'jffe@000': tokenId='0b805c59-fc0b-4b57-b6d3-1d85426fe096', issuer='jffe@000', subject='jffe@000/users/jffe@000', expiry=1614118802077, refreshable=false
2021-02-23T22:10:02.081Z [AUDIT] Token created by 'jffe@000': tokenId='c8e7d873-69cd-4127-a3e5-a0ff4aacbc4c', issuer='jffe@000', subject='jffe@000/users/jffe@000', expiry=1614118802080, refreshable=false
2021-02-23T22:20:02.151Z [AUDIT] Token created by 'jffe@000': tokenId='593f2bf7-1f61-4b62-840c-a235270d82c5', issuer='jffe@000', subject='jffe@000/users/jffe@000', expiry=1614119402151, refreshable=false
2021-02-23T22:20:02.151Z [AUDIT] Token created by 'jffe@000': tokenId='e137807b-8c44-41b2-953b-09e091bc526d', issuer='jffe@000', subject='jffe@000/users/jffe@000', expiry=1614119402151, refreshable=false
2021-02-23T22:20:02.151Z [AUDIT] Token created by 'jffe@000': tokenId='3095c3ea-e2f7-4820-9b08-23c35f2b74aa', issuer='jffe@000', subject='jffe@000/users/jffe@000', expiry=1614119402151, refreshable=false
2021-02-23T22:20:02.152Z [AUDIT] Token created by 'jffe@000': tokenId='5622fe9f-8711-4e2d-bd89-b988a1cd0a0c', issuer='jffe@000', subject='jffe@000/users/jffe@000', expiry=1614119402152, refreshable=false
2021-02-23T22:30:02.281Z [AUDIT] Token created by 'jffe@000': tokenId='68ccccf6-5a39-484b-bafb-793fbde1b65b', issuer='jffe@000', subject='jffe@000/users/jffe@000', expiry=1614120002281, refreshable=false
2021-02-23T22:30:02.281Z [AUDIT] Token created by 'jffe@000': tokenId='45a0750f-ff43-4de5-b986-eee2e6bb2f0c', issuer='jffe@000', subject='jffe@000/users/jffe@000', expiry=1614120002281, refreshable=false
2021-02-23T22:30:02.282Z [AUDIT] Token created by 'jffe@000': tokenId='edd406cd-d0e5-40ec-8ce1-6dc843cfaea1', issuer='jffe@000', subject='jffe@000/users/jffe@000', expiry=1614120002281, refreshable=false
2021-02-23T22:30:02.285Z [AUDIT] Token created by 'jffe@000': tokenId='70539426-b248-405a-8880-46377d3db5f2', issuer='jffe@000', subject='jffe@000/users/jffe@000', expiry=1614120002285, refreshable=false
2021-02-23T22:40:02.405Z [AUDIT] Token created by 'jffe@000': tokenId='edbaa62e-1aa7-419d-ac30-98db1d2d3745', issuer='jffe@000', subject='jffe@000/users/jffe@000', expiry=1614120602405, refreshable=false
2021-02-23T22:40:02.405Z [AUDIT] Token created by 'jffe@000': tokenId='5137026f-4d47-4063-bbb1-04f11011a103', issuer='jffe@000', subject='jffe@000/users/jffe@000', expiry=1614120602405, refreshable=false
2021-02-23T22:40:02.408Z [AUDIT] Token created by 'jffe@000': tokenId='c4e4bc87-c4bc-4c1f-a6fe-1168c9ae4285', issuer='jffe@000', subject='jffe@000/users/jffe@000', expiry=1614120602408, refreshable=false
2021-02-23T22:40:02.426Z [AUDIT] Token created by 'jffe@000': tokenId='d5ca3be8-57d2-4d84-a8ee-0be9f8af07e6', issuer='jffe@000', subject='jffe@000/users/jffe@000', expiry=1614120602426, refreshable=false
2021-03-01T19:09:08.663Z [AUDIT] Token created by 'anonymous': tokenId='5c1426d8-2d9a-42e2-9d8f-c27099cc4a51', issuer='jfrou@01ez5bs3r314xmq2cc5j3k7vn8', subject='jfrou@01ez5bs3r314xmq2cc5j3k7vn8', expiry=none, refreshable=false
2021-03-01T19:09:09.101Z [AUDIT] Token revoked by 'anonymous': tokenId='f1e1b252-7b44-4d81-b404-d626ed932b00', issuer='jfrou@01ez5bs3r314xmq2cc5j3k7vn8', subject='jfrou@01ez5bs3r314xmq2cc5j3k7vn8', expiry=none, refreshable=false
2021-03-01T19:09:38.365Z [AUDIT] Token created by 'anonymous': tokenId='a789304a-990a-4f8e-a264-e3b9106131f7', issuer='jfac@01ez5brynwf90j101b6e1x19gb', subject='jfac@01ez5brynwf90j101b6e1x19gb', expiry=1614625898332, refreshable=false
2021-03-01T19:09:39.314Z [AUDIT] Token created by 'anonymous': tokenId='a98d3236-a762-4fc0-86a7-e9a82b8bd165', issuer='jfac@01ez5brynwf90j101b6e1x19gb', subject='jfac@01ez5brynwf90j101b6e1x19gb', expiry=1614625899200, refreshable=false
2021-03-01T19:09:40.345Z [AUDIT] Token created by 'anonymous': tokenId='46d35ace-9c40-4c49-987d-a3afaf63869f', issuer='jfmd@01ez5bs5y2qpwy0sj9ah4cpd6z', subject='jfmd@01ez5bs5y2qpwy0sj9ah4cpd6z', expiry=none, refreshable=false
2021-03-01T19:09:40.357Z [AUDIT] Token revoked by 'anonymous': tokenId='15979d85-7980-40d2-8764-55582a920dc5', issuer='jfmd@01ez5bs5y2qpwy0sj9ah4cpd6z', subject='jfmd@01ez5bs5y2qpwy0sj9ah4cpd6z', expiry=none, refreshable=false
2021-03-01T19:09:41.794Z [AUDIT] Token created by 'anonymous': tokenId='fc8210ec-024b-4d92-a78e-f8c33bbb7ab9', issuer='jfevt@01ez5brynwf90j101b6e1x19gb', subject='jfevt@01ez5brynwf90j101b6e1x19gb', expiry=none, refreshable=false
2021-03-01T19:09:42.074Z [AUDIT] Token revoked by 'anonymous': tokenId='84301911-a0ca-4284-ad8f-883f4c10e3e4', issuer='jfevt@01ez5brynwf90j101b6e1x19gb', subject='jfevt@01ez5brynwf90j101b6e1x19gb', expiry=none, refreshable=false
2021-03-01T19:09:43.629Z [AUDIT] Token created by 'jfevt@01ez5brynwf90j101b6e1x19gb': tokenId='64f0046a-5c46-4c01-a937-26bddd4d58d5', issuer='jfevt@01ez5brynwf90j101b6e1x19gb', subject='jfevt@01ez5brynwf90j101b6e1x19gb', expiry=1614712183620, refreshable=true
2021-03-01T19:09:43.637Z [AUDIT] Token created by 'jfevt@01ez5brynwf90j101b6e1x19gb': tokenId='3d4f527d-6079-45f3-a622-cb2a8ef9fcb8', issuer='jfevt@01ez5brynwf90j101b6e1x19gb', subject='jfevt@01ez5brynwf90j101b6e1x19gb', expiry=1614712183622, refreshable=true
2021-03-01T19:09:43.650Z [AUDIT] Token created by 'jfevt@01ez5brynwf90j101b6e1x19gb': tokenId='e22b0f6a-4ff1-4261-9fec-e4f6afd507e8', issuer='jfevt@01ez5brynwf90j101b6e1x19gb', subject='jfevt@01ez5brynwf90j101b6e1x19gb', expiry=1614712183626, refreshable=true
2021-03-01T19:09:43.900Z [AUDIT] Token created by 'jfevt@01ez5brynwf90j101b6e1x19gb': tokenId='2956bb3e-36c1-4ebd-99b1-5b2d3c5e5add', issuer='jfevt@01ez5brynwf90j101b6e1x19gb', subject='jfevt@01ez5brynwf90j101b6e1x19gb', expiry=1614712183668, refreshable=true
2021-03-01T19:09:53.544Z [AUDIT] Token created by 'anonymous': tokenId='94bbe588-74d0-463c-b101-1ad7d08aa9ec', issuer='jfrt@01ez5bsggjc7h01x9d4aqs0mc0', subject='jfrt@01ez5bsggjc7h01x9d4aqs0mc0', expiry=none, refreshable=false
2021-03-01T19:09:53.556Z [AUDIT] Token revoked by 'anonymous': tokenId='522d729e-13db-4edb-a1d0-8d1b85c688d0', issuer='jfrt@01ez5bsggjc7h01x9d4aqs0mc0', subject='jfrt@01ez5bsggjc7h01x9d4aqs0mc0', expiry=none, refreshable=false
2021-03-01T19:10:00.610Z [AUDIT] Token created by 'jfrt@01ez5bsggjc7h01x9d4aqs0mc0': tokenId='39a2477b-040e-4f94-b080-c1c93dabbd4c', issuer='jfrt@01ez5bsggjc7h01x9d4aqs0mc0', subject='jfrt@01ez5bsggjc7h01x9d4aqs0mc0', expiry=2560705800567, refreshable=false
2021-03-01T19:10:17.863Z [AUDIT] Token created by 'anonymous': tokenId='5f284177-b32e-4985-95d4-ac65453c051c', issuer='jffe@000', subject='jffe@000', expiry=none, refreshable=false
2021-03-01T19:10:17.896Z [AUDIT] Token revoked by 'anonymous': tokenId='c3a8cf2d-6848-41e8-a2f4-c600486fad3e', issuer='jffe@000', subject='jffe@000', expiry=none, refreshable=false
2021-03-01T19:10:19.011Z [AUDIT] Token created by 'jffe@000': tokenId='ad6f82e2-388f-42b4-9217-a16771f13698', issuer='jffe@000', subject='jffe@000/users/jffe@000', expiry=1614626419011, refreshable=false
2021-03-01T19:13:07.370Z [AUDIT] Token created by 'jffe@000': tokenId='206dec34-5d24-4ac0-b85f-c04d14d3b7d8', issuer='jffe@000', subject='jffe@000/users/anonymous', expiry=1614626587370, refreshable=false
2021-03-01T19:13:07.387Z [AUDIT] Token created by 'jffe@000': tokenId='871660ec-6ca1-4f4f-b9ed-af544139a568', issuer='jffe@000', subject='jffe@000/users/anonymous', expiry=1614626587387, refreshable=false
2021-03-01T19:13:07.387Z [AUDIT] Token created by 'jffe@000': tokenId='d3514b7f-6ac3-4cb3-9432-5a31bd9472bf', issuer='jffe@000', subject='jffe@000/users/anonymous', expiry=1614626587387, refreshable=false
2021-03-01T19:13:07.397Z [AUDIT] Token created by 'jffe@000': tokenId='6342a448-31e6-410e-ba84-d6f12f602f5e', issuer='jffe@000', subject='jffe@000/users/anonymous', expiry=1614626587392, refreshable=false
2021-03-01T19:20:23.400Z [AUDIT] Token created by 'jffe@000': tokenId='2bfd84dc-dc3f-4b3b-876d-36ec361fc1ee', issuer='jffe@000', subject='jffe@000/users/jffe@000', expiry=1614627023400, refreshable=false
2021-03-01T19:20:23.400Z [AUDIT] Token created by 'jffe@000': tokenId='1cabba4c-77d2-40b8-bb88-69b4458c3041', issuer='jffe@000', subject='jffe@000/users/jffe@000', expiry=1614627023400, refreshable=false
2021-03-01T19:20:23.400Z [AUDIT] Token created by 'jffe@000': tokenId='1ed770bf-17e5-412c-b1ae-2e697fcff587', issuer='jffe@000', subject='jffe@000/users/jffe@000', expiry=1614627023400, refreshable=false
2021-03-01T19:20:23.402Z [AUDIT] Token created by 'jffe@000': tokenId='1f3800d3-73c9-4e3e-bbd5-caa6c55fa626', issuer='jffe@000', subject='jffe@000/users/jffe@000', expiry=1614627023402, refreshable=false
2021-03-01T19:25:28.918Z [AUDIT] Token created by 'jffe@000': tokenId='f30d25e9-e301-4367-8448-75a78d5a87fe', issuer='jffe@000', subject='jffe@000/users/anonymous', expiry=1614627328918, refreshable=false
2021-03-01T19:25:28.926Z [AUDIT] Token created by 'jffe@000': tokenId='a31e5c69-364c-4780-9a5d-a675a7fa7094', issuer='jffe@000', subject='jffe@000/users/anonymous', expiry=1614627328926, refreshable=false
2021-03-01T19:25:28.934Z [AUDIT] Token created by 'jffe@000': tokenId='27baaeee-c1e2-4202-87cd-64bdd419fcda', issuer='jffe@000', subject='jffe@000/users/anonymous', expiry=1614627328933, refreshable=false
2021-03-01T19:25:28.949Z [AUDIT] Token created by 'jffe@000': tokenId='a88d41c5-d1d7-4021-a018-1793122827bd', issuer='jffe@000', subject='jffe@000/users/anonymous', expiry=1614627328949, refreshable=false
2021-03-01T19:27:36.535Z [AUDIT] Token created by 'jffe@000': tokenId='3fbb0a69-ce73-4807-ab74-d91e75a7af9a', issuer='jffe@000', subject='jffe@000/users/admin', expiry=1614628656533, refreshable=true
2021-03-01T19:27:36.758Z [AUDIT] Token created by 'jffe@000': tokenId='a9194d4c-5664-4591-9988-add78094cc43', issuer='jffe@000', subject='jffe@000/users/admin', expiry=1614627456758, refreshable=false
2021-03-01T19:27:36.758Z [AUDIT] Token created by 'jffe@000': tokenId='8cecde63-0d16-4818-8565-7046357bf693', issuer='jffe@000', subject='jffe@000/users/admin', expiry=1614627456758, refreshable=false
2021-03-01T19:27:36.760Z [AUDIT] Token created by 'jffe@000': tokenId='dde1fde7-623c-4eeb-994d-baea7aafe030', issuer='jffe@000', subject='jffe@000/users/admin', expiry=1614627456760, refreshable=false
2021-03-01T19:27:38.483Z [AUDIT] Token created by 'jffe@000': tokenId='614e0e5b-b52d-40bb-be0f-e84de37ddee5', issuer='jffe@000', subject='jffe@000/users/admin', expiry=1614627458483, refreshable=false
2021-03-01T19:30:23.467Z [AUDIT] Token created by 'jffe@000': tokenId='e8ce387d-6a53-46fc-99f9-70f371282f9a', issuer='jffe@000', subject='jffe@000/users/jffe@000', expiry=1614627623467, refreshable=false
2021-03-01T19:30:23.468Z [AUDIT] Token created by 'jffe@000': tokenId='07fc22aa-d013-4e84-9b37-c8d67574d863', issuer='jffe@000', subject='jffe@000/users/jffe@000', expiry=1614627623468, refreshable=false
2021-03-01T19:30:23.468Z [AUDIT] Token created by 'jffe@000': tokenId='06efe3a9-f3aa-4fdd-99ad-bea07f0801a1', issuer='jffe@000', subject='jffe@000/users/jffe@000', expiry=1614627623468, refreshable=false
2021-03-01T19:30:23.471Z [AUDIT] Token created by 'jffe@000': tokenId='cec8696a-f2e5-45bd-b3dc-c707e0ed48b2', issuer='jffe@000', subject='jffe@000/users/jffe@000', expiry=1614627623471, refreshable=false
2021-03-01T19:48:21.584Z [AUDIT] Token created by 'jffe@000': tokenId='b21ee04d-6b09-4087-b33d-778aea6cc93b', issuer='jffe@000', subject='jffe@000/users/jffe@000', expiry=1614628701584, refreshable=false
2021-03-01T19:48:21.584Z [AUDIT] Token created by 'jffe@000': tokenId='e32d45ac-fbc5-4d86-97da-13e0c3885483', issuer='jffe@000', subject='jffe@000/users/jffe@000', expiry=1614628701584, refreshable=false
2021-03-01T19:48:21.585Z [AUDIT] Token created by 'jffe@000': tokenId='35c470e0-1f57-4fad-b6de-cbd0dc803ee8', issuer='jffe@000', subject='jffe@000/users/jffe@000', expiry=1614628701585, refreshable=false
2021-03-01T19:48:21.585Z [AUDIT] Token created by 'jffe@000': tokenId='0252c941-1974-4d2f-80df-231bf343e2f3', issuer='jffe@000', subject='jffe@000/users/jffe@000', expiry=1614628701585, refreshable=false
2021-03-01T19:48:21.585Z [AUDIT] Token created by 'jffe@000': tokenId='d0fe9e57-58f7-4b34-abbf-007f633a86b0', issuer='jffe@000', subject='jffe@000/users/jffe@000', expiry=1614628701585, refreshable=false
2021-03-01T19:48:21.676Z [AUDIT] Token created by 'jffe@000': tokenId='8c23e783-a5e3-488d-9684-367956c48347', issuer='jffe@000', subject='jffe@000/users/jffe@000', expiry=1614628701676, refreshable=false
2021-03-01T19:48:21.676Z [AUDIT] Token created by 'jffe@000': tokenId='757620fb-6f7e-48f1-95c1-c4e04317b880', issuer='jffe@000', subject='jffe@000/users/jffe@000', expiry=1614628701676, refreshable=false
2021-03-01T19:48:21.677Z [AUDIT] Token created by 'jffe@000': tokenId='9e578585-49fa-4766-a622-97ab46a112d0', issuer='jffe@000', subject='jffe@000/users/jffe@000', expiry=1614628701677, refreshable=false
2021-03-01T20:00:48.043Z [AUDIT] Token created by 'jffe@000': tokenId='d4b91ab1-3229-4062-a1da-46fddd6695b8', issuer='jffe@000', subject='jffe@000/users/jffe@000', expiry=1614629448043, refreshable=false
2021-03-01T20:00:48.043Z [AUDIT] Token created by 'jffe@000': tokenId='ca10d7fc-e0a8-4e8f-9d78-cce9d7db74fa', issuer='jffe@000', subject='jffe@000/users/jffe@000', expiry=1614629448043, refreshable=false
2021-03-01T20:00:48.044Z [AUDIT] Token created by 'jffe@000': tokenId='ad6bf646-3080-43fa-85a5-8f30e7fdb368', issuer='jffe@000', subject='jffe@000/users/jffe@000', expiry=1614629448044, refreshable=false
2021-03-01T20:00:48.044Z [AUDIT] Token created by 'jffe@000': tokenId='9da15c37-cd95-4bc8-8196-7ac2a6b665e8', issuer='jffe@000', subject='jffe@000/users/jffe@000', expiry=1614629448044, refreshable=false
2021-03-01T20:10:48.096Z [AUDIT] Token created by 'jffe@000': tokenId='08b7f6c2-ce59-40e7-b213-7ed48953278c', issuer='jffe@000', subject='jffe@000/users/jffe@000', expiry=1614630048095, refreshable=false
2021-03-01T20:10:48.096Z [AUDIT] Token created by 'jffe@000': tokenId='a063a6e2-ea01-4148-87cf-76e6d7cfb07e', issuer='jffe@000', subject='jffe@000/users/jffe@000', expiry=1614630048096, refreshable=false
2021-03-01T20:10:48.097Z [AUDIT] Token created by 'jffe@000': tokenId='2b6565cc-42c0-4b37-95f0-f3d7f89aab56', issuer='jffe@000', subject='jffe@000/users/jffe@000', expiry=1614630048097, refreshable=false
2021-03-01T20:10:48.101Z [AUDIT] Token created by 'jffe@000': tokenId='da6d1922-0b7b-455e-a160-b1176a47d720', issuer='jffe@000', subject='jffe@000/users/jffe@000', expiry=1614630048101, refreshable=false
2021-03-01T20:20:48.158Z [AUDIT] Token created by 'jffe@000': tokenId='28a94f64-860b-4cf5-b7e9-6a09f9649055', issuer='jffe@000', subject='jffe@000/users/jffe@000', expiry=1614630648158, refreshable=false
2021-03-01T20:20:48.159Z [AUDIT] Token created by 'jffe@000': tokenId='a3e5a100-fc46-43b8-a3b2-2bf9791dfb27', issuer='jffe@000', subject='jffe@000/users/jffe@000', expiry=1614630648159, refreshable=false
2021-03-01T20:20:48.159Z [AUDIT] Token created by 'jffe@000': tokenId='8ef80e29-d9c3-4b66-950e-c3509c878e3e', issuer='jffe@000', subject='jffe@000/users/jffe@000', expiry=1614630648159, refreshable=false
2021-03-01T20:20:48.162Z [AUDIT] Token created by 'jffe@000': tokenId='d97088cb-d05a-4706-b6f1-608704a2588e', issuer='jffe@000', subject='jffe@000/users/jffe@000', expiry=1614630648162, refreshable=false
2021-03-01T20:30:48.265Z [AUDIT] Token created by 'jffe@000': tokenId='e5a8c581-fdb8-4f42-950c-c86595d4269f', issuer='jffe@000', subject='jffe@000/users/jffe@000', expiry=1614631248265, refreshable=false
2021-03-01T20:30:48.265Z [AUDIT] Token created by 'jffe@000': tokenId='27665995-26f1-419d-9804-1eabe93c028d', issuer='jffe@000', subject='jffe@000/users/jffe@000', expiry=1614631248265, refreshable=false
2021-03-01T20:30:48.269Z [AUDIT] Token created by 'jffe@000': tokenId='74bb27d2-6af1-4129-8b1e-0e9190a96eba', issuer='jffe@000', subject='jffe@000/users/jffe@000', expiry=1614631248269, refreshable=false
2021-03-01T20:30:48.270Z [AUDIT] Token created by 'jffe@000': tokenId='0a073269-c32e-417e-87ca-df2b103349f5', issuer='jffe@000', subject='jffe@000/users/jffe@000', expiry=1614631248270, refreshable=false
2021-03-01T20:40:48.395Z [AUDIT] Token created by 'jffe@000': tokenId='e0ec8755-aecb-417a-b2cb-1c379605dd29', issuer='jffe@000', subject='jffe@000/users/jffe@000', expiry=1614631848395, refreshable=false
2021-03-01T20:40:48.395Z [AUDIT] Token created by 'jffe@000': tokenId='33422c44-4955-4a4c-93a6-c8d7cf522cbf', issuer='jffe@000', subject='jffe@000/users/jffe@000', expiry=1614631848395, refreshable=false
2021-03-01T20:40:48.395Z [AUDIT] Token created by 'jffe@000': tokenId='53798e21-ceb8-4b7d-84aa-edadef8698d0', issuer='jffe@000', subject='jffe@000/users/jffe@000', expiry=1614631848395, refreshable=false
2021-03-01T20:40:48.404Z [AUDIT] Token created by 'jffe@000': tokenId='95b42fd7-6f53-4672-885e-b28162d8157c', issuer='jffe@000', subject='jffe@000/users/jffe@000', expiry=1614631848404, refreshable=false
2021-03-01T20:50:48.483Z [AUDIT] Token created by 'jffe@000': tokenId='e4dce303-3583-4e69-b1c4-77476b3b4294', issuer='jffe@000', subject='jffe@000/users/jffe@000', expiry=1614632448482, refreshable=false
2021-03-01T20:50:48.483Z [AUDIT] Token created by 'jffe@000': tokenId='03ddff53-63b1-46b1-bcf6-7e372c68610d', issuer='jffe@000', subject='jffe@000/users/jffe@000', expiry=1614632448483, refreshable=false
2021-03-01T20:50:48.483Z [AUDIT] Token created by 'jffe@000': tokenId='a861aa51-bbc1-41d6-b40d-23af2437c477', issuer='jffe@000', subject='jffe@000/users/jffe@000', expiry=1614632448483, refreshable=false
2021-03-01T20:50:48.494Z [AUDIT] Token created by 'jffe@000': tokenId='86e6aae0-2d25-4ac7-b7f0-ceb68ddbc68b', issuer='jffe@000', subject='jffe@000/users/jffe@000', expiry=1614632448493, refreshable=false
2021-03-01T21:00:48.559Z [AUDIT] Token created by 'jffe@000': tokenId='fed17ebd-1b35-4478-984d-18734c334bfb', issuer='jffe@000', subject='jffe@000/users/jffe@000', expiry=1614633048558, refreshable=false
2021-03-01T21:00:48.559Z [AUDIT] Token created by 'jffe@000': tokenId='4289e5be-27ab-45d9-91a8-b7f417dcdd65', issuer='jffe@000', subject='jffe@000/users/jffe@000', expiry=1614633048558, refreshable=false
2021-03-01T21:00:48.559Z [AUDIT] Token created by 'jffe@000': tokenId='f4a526a8-b0dd-41b7-b59d-ee7b99537601', issuer='jffe@000', subject='jffe@000/users/jffe@000', expiry=1614633048559, refreshable=false
2021-03-01T21:00:48.565Z [AUDIT] Token created by 'jffe@000': tokenId='ae0fd49e-e292-48f8-86e9-f6d8611fe16f', issuer='jffe@000', subject='jffe@000/users/jffe@000', expiry=1614633048565, refreshable=false
2021-03-01T21:10:48.652Z [AUDIT] Token created by 'jffe@000': tokenId='ed35d0a9-975e-4243-ad06-0ec08d5c1431', issuer='jffe@000', subject='jffe@000/users/jffe@000', expiry=1614633648651, refreshable=false
2021-03-01T21:10:48.652Z [AUDIT] Token created by 'jffe@000': tokenId='f29263d5-06fe-4911-a7dc-43450ac92c98', issuer='jffe@000', subject='jffe@000/users/jffe@000', expiry=1614633648652, refreshable=false
2021-03-01T21:10:48.655Z [AUDIT] Token created by 'jffe@000': tokenId='efb8f54a-8245-489e-939a-9acd6567eb65', issuer='jffe@000', subject='jffe@000/users/jffe@000', expiry=1614633648655, refreshable=false
2021-03-01T21:10:48.655Z [AUDIT] Token created by 'jffe@000': tokenId='994ceef3-9862-491a-b7a2-27638d3b1a65', issuer='jffe@000', subject='jffe@000/users/jffe@000', expiry=1614633648655, refreshable=false
2021-03-01T21:20:48.836Z [AUDIT] Token created by 'jffe@000': tokenId='37b102c3-a3c1-4406-9890-76b3e15c1297', issuer='jffe@000', subject='jffe@000/users/jffe@000', expiry=1614634248836, refreshable=false
2021-03-01T21:20:48.838Z [AUDIT] Token created by 'jffe@000': tokenId='576e87ac-e0d2-49ed-86c4-2373c599b96b', issuer='jffe@000', subject='jffe@000/users/jffe@000', expiry=1614634248838, refreshable=false
2021-03-01T21:20:48.839Z [AUDIT] Token created by 'jffe@000': tokenId='00cada9a-e766-4fd0-86f7-1e0ca31618e2', issuer='jffe@000', subject='jffe@000/users/jffe@000', expiry=1614634248839, refreshable=false
2021-03-01T21:20:48.840Z [AUDIT] Token created by 'jffe@000': tokenId='736627d6-e94a-4475-b698-f1c327586210', issuer='jffe@000', subject='jffe@000/users/jffe@000', expiry=1614634248840, refreshable=false
2021-03-01T21:30:48.920Z [AUDIT] Token created by 'jffe@000': tokenId='408e70e2-9244-4868-8d02-932c99f33aa6', issuer='jffe@000', subject='jffe@000/users/jffe@000', expiry=1614634848920, refreshable=false
2021-03-01T21:30:48.920Z [AUDIT] Token created by 'jffe@000': tokenId='9f0bb75b-5bcd-4cb8-b87a-75db9ae101bc', issuer='jffe@000', subject='jffe@000/users/jffe@000', expiry=1614634848920, refreshable=false
2021-03-01T21:30:48.926Z [AUDIT] Token created by 'jffe@000': tokenId='96f5a298-35aa-4723-b463-55165bb091e2', issuer='jffe@000', subject='jffe@000/users/jffe@000', expiry=1614634848926, refreshable=false
2021-03-01T21:30:48.932Z [AUDIT] Token created by 'jffe@000': tokenId='4987e296-688f-4d0e-8f6a-ef929da6e715', issuer='jffe@000', subject='jffe@000/users/jffe@000', expiry=1614634848932, refreshable=false
2021-03-01T21:40:48.986Z [AUDIT] Token created by 'jffe@000': tokenId='0ae9837b-494b-4d82-806d-f0cdf27657a7', issuer='jffe@000', subject='jffe@000/users/jffe@000', expiry=1614635448986, refreshable=false
2021-03-01T21:40:48.986Z [AUDIT] Token created by 'jffe@000': tokenId='23eb1f65-bb67-405a-aff8-1939a342a8b0', issuer='jffe@000', subject='jffe@000/users/jffe@000', expiry=1614635448986, refreshable=false
2021-03-01T21:40:48.988Z [AUDIT] Token created by 'jffe@000': tokenId='a8587b93-da12-4a5e-8262-0be5c2087880', issuer='jffe@000', subject='jffe@000/users/jffe@000', expiry=1614635448988, refreshable=false
2021-03-01T21:40:48.998Z [AUDIT] Token created by 'jffe@000': tokenId='adc29194-82d3-4fce-b041-61a7ca67cae0', issuer='jffe@000', subject='jffe@000/users/jffe@000', expiry=1614635448998, refreshable=false
2021-03-01T21:50:49.038Z [AUDIT] Token created by 'jffe@000': tokenId='b6c3b33a-6bb1-4dcd-8bb2-b5cb80b95781', issuer='jffe@000', subject='jffe@000/users/jffe@000', expiry=1614636049038, refreshable=false
2021-03-01T21:50:49.038Z [AUDIT] Token created by 'jffe@000': tokenId='9e715426-0ed6-4baa-8e8e-85d856d3378c', issuer='jffe@000', subject='jffe@000/users/jffe@000', expiry=1614636049038, refreshable=false
2021-03-01T21:50:49.039Z [AUDIT] Token created by 'jffe@000': tokenId='a7d42061-f128-4227-909d-4b4e3d540404', issuer='jffe@000', subject='jffe@000/users/jffe@000', expiry=1614636049039, refreshable=false
2021-03-01T21:50:49.041Z [AUDIT] Token created by 'jffe@000': tokenId='7f4933b9-cb2a-4624-a53c-69935c42cda8', issuer='jffe@000', subject='jffe@000/users/jffe@000', expiry=1614636049041, refreshable=false
2021-03-01T22:00:49.068Z [AUDIT] Token created by 'jffe@000': tokenId='264573db-9166-4f04-b679-aee010b4a107', issuer='jffe@000', subject='jffe@000/users/jffe@000', expiry=1614636649068, refreshable=false
2021-03-01T22:00:49.071Z [AUDIT] Token created by 'jffe@000': tokenId='9be9c4fa-4c7d-4c7b-8b1b-76670abc8021', issuer='jffe@000', subject='jffe@000/users/jffe@000', expiry=1614636649071, refreshable=false
2021-03-01T22:00:49.072Z [AUDIT] Token created by 'jffe@000': tokenId='22fd9cf7-5ca0-4b0f-9414-91d6b720ae56', issuer='jffe@000', subject='jffe@000/users/jffe@000', expiry=1614636649072, refreshable=false
2021-03-01T22:00:49.074Z [AUDIT] Token created by 'jffe@000': tokenId='378bd27d-125c-405c-8b5c-7dc15513038c', issuer='jffe@000', subject='jffe@000/users/jffe@000', expiry=1614636649074, refreshable=false
2021-03-01T22:10:49.195Z [AUDIT] Token created by 'jffe@000': tokenId='939b65e6-9601-4cd8-bf14-2e78be26801d', issuer='jffe@000', subject='jffe@000/users/jffe@000', expiry=1614637249195, refreshable=false
2021-03-01T22:10:49.195Z [AUDIT] Token created by 'jffe@000': tokenId='f6dad2d4-2860-4f20-b1b8-7622b7550e9d', issuer='jffe@000', subject='jffe@000/users/jffe@000', expiry=1614637249195, refreshable=false
2021-03-01T22:10:49.195Z [AUDIT] Token created by 'jffe@000': tokenId='fa23d10b-29dd-4758-8c59-6bf110f79c29', issuer='jffe@000', subject='jffe@000/users/jffe@000', expiry=1614637249195, refreshable=false
2021-03-01T22:10:49.203Z [AUDIT] Token created by 'jffe@000': tokenId='676d8a4c-994c-46ae-82c0-17b374dd9e15', issuer='jffe@000', subject='jffe@000/users/jffe@000', expiry=1614637249203, refreshable=false
2021-03-01T22:20:49.236Z [AUDIT] Token created by 'jffe@000': tokenId='ae29242b-c105-4bc0-b572-54cbb359eff1', issuer='jffe@000', subject='jffe@000/users/jffe@000', expiry=1614637849236, refreshable=false
2021-03-01T22:20:49.237Z [AUDIT] Token created by 'jffe@000': tokenId='9be0a89a-11e0-472c-8f83-b046b31d58f5', issuer='jffe@000', subject='jffe@000/users/jffe@000', expiry=1614637849237, refreshable=false
2021-03-01T22:20:49.237Z [AUDIT] Token created by 'jffe@000': tokenId='80ea97d2-1a80-4cbb-9203-23439800a0aa', issuer='jffe@000', subject='jffe@000/users/jffe@000', expiry=1614637849237, refreshable=false
2021-03-01T22:20:49.240Z [AUDIT] Token created by 'jffe@000': tokenId='e0f004df-248a-4757-b080-85919ff921ee', issuer='jffe@000', subject='jffe@000/users/jffe@000', expiry=1614637849239, refreshable=false
