2021-03-10T20:35:33.262Z [jffe ] [INFO ] [                ] [                              ] [main                ] - frontend (jffe) service initialization started. Version: 1.15.5 Revision: 10000005 PID: 3399 Home: /opt/jfrog/artifactory
2021-03-10T20:35:33.264Z [jffe ] [INFO ] [                ] [                              ] [main                ] - attempting pinging artifactory for 180 retires and 1.0s interval for total of 3 minutes
2021-03-10T20:35:42.562Z [jffe ] [INFO ] [                ] [                              ] [main                ] - pinging artifactory, attempt number 10
2021-03-10T20:35:42.565Z [jffe ] [INFO ] [                ] [                              ] [main                ] - pinging artifactory attempt number 10 failed with code : ECONNREFUSED
2021-03-10T20:35:48.770Z [jffe ] [ERROR] [                ] [                              ] [main                ] - ArtifactoryClient::http [get] request to /api/system/ping failed with 404 code
2021-03-10T20:35:49.774Z [jffe ] [ERROR] [                ] [                              ] [main                ] - ArtifactoryClient::http [get] request to /api/system/ping failed with 404 code
2021-03-10T20:35:50.778Z [jffe ] [ERROR] [                ] [                              ] [main                ] - ArtifactoryClient::http [get] request to /api/system/ping failed with 404 code
2021-03-10T20:35:51.781Z [jffe ] [ERROR] [                ] [                              ] [main                ] - ArtifactoryClient::http [get] request to /api/system/ping failed with 404 code
2021-03-10T20:35:52.786Z [jffe ] [INFO ] [                ] [                              ] [main                ] - pinging artifactory, attempt number 20
2021-03-10T20:35:52.789Z [jffe ] [ERROR] [                ] [                              ] [main                ] - ArtifactoryClient::http [get] request to /api/system/ping failed with 404 code
2021-03-10T20:35:52.789Z [jffe ] [INFO ] [                ] [                              ] [main                ] - pinging artifactory attempt number 20 failed with code : undefined
2021-03-10T20:35:53.794Z [jffe ] [ERROR] [                ] [                              ] [main                ] - ArtifactoryClient::http [get] request to /api/system/ping failed with 404 code
2021-03-10T20:35:54.814Z [jffe ] [ERROR] [                ] [                              ] [main                ] - ArtifactoryClient::http [get] request to /api/system/ping failed with 503 code
2021-03-10T20:35:55.836Z [jffe ] [ERROR] [                ] [                              ] [main                ] - ArtifactoryClient::http [get] request to /api/system/ping failed with 503 code
2021-03-10T20:35:56.851Z [jffe ] [ERROR] [                ] [                              ] [main                ] - ArtifactoryClient::http [get] request to /api/system/ping failed with 503 code
2021-03-10T20:35:57.898Z [jffe ] [ERROR] [                ] [                              ] [main                ] - ArtifactoryClient::http [get] request to /api/system/ping failed with 503 code
2021-03-10T20:35:58.925Z [jffe ] [ERROR] [                ] [                              ] [main                ] - ArtifactoryClient::http [get] request to /api/system/ping failed with 503 code
2021-03-10T20:36:00.312Z [jffe ] [INFO ] [                ] [                              ] [main                ] - artifactory was pinged successfully
2021-03-10T20:36:00.313Z [jffe ] [INFO ] [                ] [                              ] [main                ] - setting service id - jffe@000
2021-03-10T20:36:00.432Z [jffe ] [INFO ] [                ] [                              ] [main                ] - Cluster join: Successfully joined the cluster
2021-03-10T20:36:00.481Z [jffe ] [INFO ] [                ] [                              ] [main                ] - UI service successfully registered on router, serviceId: jffe@000
2021-03-10T20:36:00.897Z [jffe ] [INFO ] [                ] [                              ] [main                ] - Recurring tasks started
2021-03-10T20:36:01.261Z [jffe ] [INFO ] [                ] [                              ] [main                ] - frontend (jffe) service initialization completed in 28.16 seconds. Listening on port: port 8070
