Started at Mon Mar 01 17:47:45 UTC 2021
Processing Job1
Offering Job1 to Project Build Discarder
Processing Maven
Offering Maven to Project Build Discarder
Processing testparameterBoolean
Offering testparameterBoolean to Project Build Discarder
Processing testparameterChoice
Offering testparameterChoice to Project Build Discarder
Processing testparameterString
Offering testparameterString to Project Build Discarder
Finished at Mon Mar 01 17:47:45 UTC 2021. 2ms
Started at Mon Mar 01 18:47:45 UTC 2021
Processing Job1
Offering Job1 to Project Build Discarder
Processing Maven
Offering Maven to Project Build Discarder
Processing testparameterBoolean
Offering testparameterBoolean to Project Build Discarder
Processing testparameterChoice
Offering testparameterChoice to Project Build Discarder
Processing testparameterString
Offering testparameterString to Project Build Discarder
Finished at Mon Mar 01 18:47:45 UTC 2021. 21ms
Started at Mon Mar 01 19:47:46 UTC 2021
Processing Job1
Offering Job1 to Project Build Discarder
Processing Maven
Offering Maven to Project Build Discarder
Processing testparameterBoolean
Offering testparameterBoolean to Project Build Discarder
Processing testparameterChoice
Offering testparameterChoice to Project Build Discarder
Processing testparameterString
Offering testparameterString to Project Build Discarder
Finished at Mon Mar 01 19:47:46 UTC 2021. 130ms
Started at Mon Mar 01 20:47:45 UTC 2021
Processing Job1
Offering Job1 to Project Build Discarder
Processing Maven
Offering Maven to Project Build Discarder
Processing testparameterBoolean
Offering testparameterBoolean to Project Build Discarder
Processing testparameterChoice
Offering testparameterChoice to Project Build Discarder
Processing testparameterString
Offering testparameterString to Project Build Discarder
Finished at Mon Mar 01 20:47:45 UTC 2021. 14ms
Started at Mon Mar 01 21:47:45 UTC 2021
Processing Job1
Offering Job1 to Project Build Discarder
Processing Maven
Offering Maven to Project Build Discarder
Processing testparameterBoolean
Offering testparameterBoolean to Project Build Discarder
Processing testparameterChoice
Offering testparameterChoice to Project Build Discarder
Processing testparameterString
Offering testparameterString to Project Build Discarder
Finished at Mon Mar 01 21:47:45 UTC 2021. 14ms
